<?xml version="1.0"?>
<!--Phoronix Test Suite v4.4.1 (Forsand)-->
<?xml-stylesheet type="text/xsl" href="pts-results-viewer.xsl"?>
<PhoronixTestSuite>
  <Generated>
    <Title>compress-gzip-110-exp-cfs-1</Title>
    <LastModified>2013-05-16 23:02:02</LastModified>
    <TestClient>Phoronix Test Suite v4.4.1 (Forsand)</TestClient>
    <Description>VirtualBox testing on Ubuntu 12.10 via the Phoronix Test Suite.</Description>
  </Generated>
  <System>
    <Identifier>compress-gzip-110-exp-cfs-1</Identifier>
    <Hardware>Processor: Intel Core i5-2430M @ 2.38GHz (4 Cores), Motherboard: Oracle VirtualBox v1.2, Chipset: Intel 440FX- 82441FX PMC, Memory: 1024MB, Disk: 18GB VBOX HDD, Graphics: LLVMpipe, Audio: Intel 82801AA AC 97 Audio, Monitor: VBOX monitor, Network: Intel 82540EM Gigabit</Hardware>
    <Software>OS: Ubuntu 12.10, Kernel: 3.5.0-27-generic-cfs (i686), Desktop: Unity 6.12.0, Display Server: X Server 1.13.0, Display Driver: modesetting 0.5.0, OpenGL: 2.1 Mesa 9.0.3 Gallium 0.4, Compiler: GCC 4.7, File-System: ext4, Screen Resolution: 1024x768, System Layer: VirtualBox</Software>
    <User>rayman-vm</User>
    <TimeStamp>2013-05-16 23:02:02</TimeStamp>
    <TestClientVersion>4.4.1</TestClientVersion>
    <Notes></Notes>
  </System>
  <Result>
    <Identifier>pts/compress-gzip-1.1.0</Identifier>
    <Title>Gzip Compression</Title>
    <AppVersion></AppVersion>
    <Arguments></Arguments>
    <Description>2GB File Compression</Description>
    <Scale>Seconds</Scale>
    <Proportion>LIB</Proportion>
    <DisplayFormat>BAR_GRAPH</DisplayFormat>
    <Data>
      <Entry>
        <Identifier>compress-gzip-110-exp-cfs-1</Identifier>
        <Value>44.38</Value>
        <RawString>44.817312955856:44.048503875732:44.280996084213</RawString>
      </Entry>
    </Data>
  </Result>
  <Result>
    <Identifier></Identifier>
    <Title>Gzip Compression</Title>
    <AppVersion></AppVersion>
    <Arguments>CPU Frequency </Arguments>
    <Description>CPU Frequency Monitor</Description>
    <Scale>Megahertz</Scale>
    <Proportion>LIB</Proportion>
    <DisplayFormat>LINE_GRAPH</DisplayFormat>
    <Data>
      <Entry>
        <Identifier>compress-gzip-110-exp-cfs-1</Identifier>
        <Value>2382.00,2382.00,2382.00,2382.00,2382.00,2382.00,2382.00,2382.00,2382.00,2382.00,2382.00,2382.00,2382.00,2382.00,2382.00,2382.00,2382.00,2382.00,2382.00,2382.00,2382.00,2382.00,2382.00,2382.00,2382.00,2382.00,2382.00,2382.00,2382.00,2382.00,2382.00,2382.00,2382.00,2382.00,2382.00</Value>
        <RawString>2382.00,2382.00,2382.00,2382.00,2382.00,2382.00,2382.00,2382.00,2382.00,2382.00,2382.00,2382.00,2382.00,2382.00,2382.00,2382.00,2382.00,2382.00,2382.00,2382.00,2382.00,2382.00,2382.00,2382.00,2382.00,2382.00,2382.00,2382.00,2382.00,2382.00,2382.00,2382.00,2382.00,2382.00,2382.00</RawString>
      </Entry>
    </Data>
  </Result>
  <Result>
    <Identifier></Identifier>
    <Title>Gzip Compression</Title>
    <AppVersion></AppVersion>
    <Arguments>CPU Usage </Arguments>
    <Description>CPU Usage Monitor</Description>
    <Scale>Percent</Scale>
    <Proportion>LIB</Proportion>
    <DisplayFormat>LINE_GRAPH</DisplayFormat>
    <Data>
      <Entry>
        <Identifier>compress-gzip-110-exp-cfs-1</Identifier>
        <Value>4.11,7.77,7.46,9.46,7.20,10.10,8.78,4.07,7.73,21.41,36.33,33.70,30.07,31.39,33.80,24.30,26.95,1.29,37.11,36.71,35.93,32.44,31.77,29.02,27.91,24.11,1.26,36.36,34.53,34.22,30.50,29.33,29.10,24.44,23.29</Value>
        <RawString>4.11,7.77,7.46,9.46,7.20,10.10,8.78,4.07,7.73,21.41,36.33,33.70,30.07,31.39,33.80,24.30,26.95,1.29,37.11,36.71,35.93,32.44,31.77,29.02,27.91,24.11,1.26,36.36,34.53,34.22,30.50,29.33,29.10,24.44,23.29</RawString>
      </Entry>
    </Data>
  </Result>
  <Result>
    <Identifier></Identifier>
    <Title>Gzip Compression</Title>
    <AppVersion></AppVersion>
    <Arguments>Drive Read Speed </Arguments>
    <Description>Drive Read Speed Monitor</Description>
    <Scale>MB/s</Scale>
    <Proportion>LIB</Proportion>
    <DisplayFormat>LINE_GRAPH</DisplayFormat>
    <Data>
      <Entry>
        <Identifier>compress-gzip-110-exp-cfs-1</Identifier>
        <Value>0.00,0.01,0.00,0.00,0.00,0.00,0.00,0.00,5.92,3.40,10.57,9.98,8.75,9.91,7.11,7.46,6.73,0.00,9.00,9.53,11.58,7.93,10.17,7.35,7.01,7.76,6.82,9.03,11.67,9.32,8.33,8.43,7.48,9.17,6.09</Value>
        <RawString>0.00,0.01,0.00,0.00,0.00,0.00,0.00,0.00,5.92,3.40,10.57,9.98,8.75,9.91,7.11,7.46,6.73,0.00,9.00,9.53,11.58,7.93,10.17,7.35,7.01,7.76,6.82,9.03,11.67,9.32,8.33,8.43,7.48,9.17,6.09</RawString>
      </Entry>
    </Data>
  </Result>
  <Result>
    <Identifier></Identifier>
    <Title>Gzip Compression</Title>
    <AppVersion></AppVersion>
    <Arguments>Drive Write Speed </Arguments>
    <Description>Drive Write Speed Monitor</Description>
    <Scale>MB/s</Scale>
    <Proportion>LIB</Proportion>
    <DisplayFormat>LINE_GRAPH</DisplayFormat>
    <Data>
      <Entry>
        <Identifier>compress-gzip-110-exp-cfs-1</Identifier>
        <Value>1.44,0.66,1.24,0.42,0.62,0.43,0.39,0.69,0.00,0.00,0.35,0.00,0.00,0.00,0.00,0.00,0.00,0.00,0.00,0.00,0.00,0.00,0.00,0.00,0.00,0.00,0.00,0.00,0.00,0.00,0.00,0.00,0.00,0.29,0.00</Value>
        <RawString>1.44,0.66,1.24,0.42,0.62,0.43,0.39,0.69,0.00,0.00,0.35,0.00,0.00,0.00,0.00,0.00,0.00,0.00,0.00,0.00,0.00,0.00,0.00,0.00,0.00,0.00,0.00,0.00,0.00,0.00,0.00,0.00,0.00,0.29,0.00</RawString>
      </Entry>
    </Data>
  </Result>
  <Result>
    <Identifier></Identifier>
    <Title>Gzip Compression</Title>
    <AppVersion></AppVersion>
    <Arguments>Memory Usage </Arguments>
    <Description>Memory Usage Monitor</Description>
    <Scale>Megabytes</Scale>
    <Proportion>LIB</Proportion>
    <DisplayFormat>LINE_GRAPH</DisplayFormat>
    <Data>
      <Entry>
        <Identifier>compress-gzip-110-exp-cfs-1</Identifier>
        <Value>524,562,559,560,571,566,551,571,553,556,553,554,551,552,552,553,551,572,552,552,552,554,553,554,551,552,552,553,551,550,551,553,552,552,552</Value>
        <RawString>524,562,559,560,571,566,551,571,553,556,553,554,551,552,552,553,551,572,552,552,552,554,553,554,551,552,552,553,551,550,551,553,552,552,552</RawString>
      </Entry>
    </Data>
  </Result>
  <Result>
    <Identifier></Identifier>
    <Title>Gzip Compression</Title>
    <AppVersion></AppVersion>
    <Arguments>System Iowait </Arguments>
    <Description>System Iowait Monitor</Description>
    <Scale>Percent</Scale>
    <Proportion>LIB</Proportion>
    <DisplayFormat>LINE_GRAPH</DisplayFormat>
    <Data>
      <Entry>
        <Identifier>compress-gzip-110-exp-cfs-1</Identifier>
        <Value>37.89,32.35,41.38,34.20,38.97,22.22,30.53,53.63,21.93,22.99,22.57,25.74,27.88,25.66,29.82,27.42,26.05,17.60,22.37,28.88,27.25,26.91,20.11,31.07,26.19,38.64,23.26,24.87,26.67,26.42,26.84,25.14,26.32,24.93,31.38</Value>
        <RawString>37.89,32.35,41.38,34.20,38.97,22.22,30.53,53.63,21.93,22.99,22.57,25.74,27.88,25.66,29.82,27.42,26.05,17.60,22.37,28.88,27.25,26.91,20.11,31.07,26.19,38.64,23.26,24.87,26.67,26.42,26.84,25.14,26.32,24.93,31.38</RawString>
      </Entry>
    </Data>
  </Result>
</PhoronixTestSuite>
