<?xml version="1.0"?>
<!--Phoronix Test Suite v4.4.1 (Forsand)-->
<?xml-stylesheet type="text/xsl" href="pts-results-viewer.xsl"?>
<PhoronixTestSuite>
  <Generated>
    <Title>x264-150-exp-cfs-1</Title>
    <LastModified>2013-05-16 23:16:49</LastModified>
    <TestClient>Phoronix Test Suite v4.4.1 (Forsand)</TestClient>
    <Description>VirtualBox testing on Ubuntu 12.10 via the Phoronix Test Suite.</Description>
  </Generated>
  <System>
    <Identifier>x264-150-exp-cfs-1</Identifier>
    <Hardware>Processor: Intel Core i5-2430M @ 2.38GHz (4 Cores), Motherboard: Oracle VirtualBox v1.2, Chipset: Intel 440FX- 82441FX PMC, Memory: 1024MB, Disk: 18GB VBOX HDD, Graphics: LLVMpipe, Audio: Intel 82801AA AC 97 Audio, Monitor: VBOX monitor, Network: Intel 82540EM Gigabit</Hardware>
    <Software>OS: Ubuntu 12.10, Kernel: 3.5.0-27-generic-cfs (i686), Desktop: Unity 6.12.0, Display Server: X Server 1.13.0, Display Driver: modesetting 0.5.0, OpenGL: 2.1 Mesa 9.0.3 Gallium 0.4, Compiler: GCC 4.7, File-System: ext4, Screen Resolution: 1024x768, System Layer: VirtualBox</Software>
    <User>rayman-vm</User>
    <TimeStamp>2013-05-16 23:16:49</TimeStamp>
    <TestClientVersion>4.4.1</TestClientVersion>
    <Notes></Notes>
    <JSON>{"compiler-configuration":"--build=i686-linux-gnu --disable-werror --enable-checking=release --enable-clocale=gnu --enable-gnu-unique-object --enable-languages=c,c++,go,fortran,objc,obj-c++ --enable-libstdcxx-debug --enable-libstdcxx-time=yes --enable-nls --enable-objc-gc --enable-plugin --enable-shared --enable-targets=all --enable-threads=posix --host=i686-linux-gnu --target=i686-linux-gnu --with-arch-32=i686 --with-tune=generic -v"}</JSON>
  </System>
  <Result>
    <Identifier>pts/x264-1.5.0</Identifier>
    <Title>x264</Title>
    <AppVersion>2013-01-28</AppVersion>
    <Arguments></Arguments>
    <Description>H.264 Video Encoding</Description>
    <Scale>Frames Per Second</Scale>
    <Proportion>HIB</Proportion>
    <DisplayFormat>BAR_GRAPH</DisplayFormat>
    <Data>
      <Entry>
        <Identifier>x264-150-exp-cfs-1</Identifier>
        <Value>31.09</Value>
        <RawString>30.01:31.89:31.36</RawString>
      </Entry>
    </Data>
  </Result>
  <Result>
    <Identifier></Identifier>
    <Title>x264</Title>
    <AppVersion>2013-01-28</AppVersion>
    <Arguments>CPU Frequency </Arguments>
    <Description>CPU Frequency Monitor</Description>
    <Scale>Megahertz</Scale>
    <Proportion>LIB</Proportion>
    <DisplayFormat>LINE_GRAPH</DisplayFormat>
    <Data>
      <Entry>
        <Identifier>x264-150-exp-cfs-1</Identifier>
        <Value>2382.00,2382.00,2382.00,2382.00,2382.00,2382.00,2382.00,2382.00,2382.00,2382.00,2382.00,2382.00</Value>
        <RawString>2382.00,2382.00,2382.00,2382.00,2382.00,2382.00,2382.00,2382.00,2382.00,2382.00,2382.00,2382.00</RawString>
      </Entry>
    </Data>
  </Result>
  <Result>
    <Identifier></Identifier>
    <Title>x264</Title>
    <AppVersion>2013-01-28</AppVersion>
    <Arguments>CPU Usage </Arguments>
    <Description>CPU Usage Monitor</Description>
    <Scale>Percent</Scale>
    <Proportion>LIB</Proportion>
    <DisplayFormat>LINE_GRAPH</DisplayFormat>
    <Data>
      <Entry>
        <Identifier>x264-150-exp-cfs-1</Identifier>
        <Value>89.06,89.38,84.18,78.59,91.69,92.41,92.15,90.25,76.40,89.34,87.94,88.89,4.06</Value>
        <RawString>89.06,89.38,84.18,78.59,91.69,92.41,92.15,90.25,76.40,89.34,87.94,88.89,4.06</RawString>
      </Entry>
    </Data>
  </Result>
  <Result>
    <Identifier></Identifier>
    <Title>x264</Title>
    <AppVersion>2013-01-28</AppVersion>
    <Arguments>Drive Read Speed </Arguments>
    <Description>Drive Read Speed Monitor</Description>
    <Scale>MB/s</Scale>
    <Proportion>LIB</Proportion>
    <DisplayFormat>LINE_GRAPH</DisplayFormat>
    <Data>
      <Entry>
        <Identifier>x264-150-exp-cfs-1</Identifier>
        <Value>94.95,28.82,27.50,0.00,0.00,0.00,0.00,0.00,0.00,0.00,0.00,0.00</Value>
        <RawString>94.95,28.82,27.50,0.00,0.00,0.00,0.00,0.00,0.00,0.00,0.00,0.00</RawString>
      </Entry>
    </Data>
  </Result>
  <Result>
    <Identifier></Identifier>
    <Title>x264</Title>
    <AppVersion>2013-01-28</AppVersion>
    <Arguments>Drive Write Speed </Arguments>
    <Description>Drive Write Speed Monitor</Description>
    <Scale>MB/s</Scale>
    <Proportion>LIB</Proportion>
    <DisplayFormat>LINE_GRAPH</DisplayFormat>
    <Data>
      <Entry>
        <Identifier>x264-150-exp-cfs-1</Identifier>
        <Value>0.00,0.00,0.00,0.00,0.00,0.00,0.00,0.00,0.00,0.00,0.18,0.33</Value>
        <RawString>0.00,0.00,0.00,0.00,0.00,0.00,0.00,0.00,0.00,0.00,0.18,0.33</RawString>
      </Entry>
    </Data>
  </Result>
  <Result>
    <Identifier></Identifier>
    <Title>x264</Title>
    <AppVersion>2013-01-28</AppVersion>
    <Arguments>Memory Usage </Arguments>
    <Description>Memory Usage Monitor</Description>
    <Scale>Megabytes</Scale>
    <Proportion>LIB</Proportion>
    <DisplayFormat>LINE_GRAPH</DisplayFormat>
    <Data>
      <Entry>
        <Identifier>x264-150-exp-cfs-1</Identifier>
        <Value>214,309,396,460,461,461,460,460,461,461,460,460</Value>
        <RawString>214,309,396,460,461,461,460,460,461,461,460,460</RawString>
      </Entry>
    </Data>
  </Result>
  <Result>
    <Identifier></Identifier>
    <Title>x264</Title>
    <AppVersion>2013-01-28</AppVersion>
    <Arguments>System Iowait </Arguments>
    <Description>System Iowait Monitor</Description>
    <Scale>Percent</Scale>
    <Proportion>LIB</Proportion>
    <DisplayFormat>LINE_GRAPH</DisplayFormat>
    <Data>
      <Entry>
        <Identifier>x264-150-exp-cfs-1</Identifier>
        <Value>0.52,0.76,1.26,0.51,0.00,0.00,0.00,0.00,0.00,0.00,0.00,0.00</Value>
        <RawString>0.52,0.76,1.26,0.51,0.00,0.00,0.00,0.00,0.00,0.00,0.00,0.00</RawString>
      </Entry>
    </Data>
  </Result>
</PhoronixTestSuite>
