<?xml version="1.0"?>
<!--Phoronix Test Suite v4.4.1 (Forsand)-->
<?xml-stylesheet type="text/xsl" href="pts-results-viewer.xsl"?>
<PhoronixTestSuite>
  <Generated>
    <Title>apache-152-exp-bfs-4</Title>
    <LastModified>2013-05-16 16:39:29</LastModified>
    <TestClient>Phoronix Test Suite v4.4.1 (Forsand)</TestClient>
    <Description>VirtualBox testing on Ubuntu 12.10 via the Phoronix Test Suite.</Description>
  </Generated>
  <System>
    <Identifier>apache-152-exp-bfs-4</Identifier>
    <Hardware>Processor: Intel Core i5-2430M @ 2.38GHz (4 Cores), Motherboard: Oracle VirtualBox v1.2, Chipset: Intel 440FX- 82441FX PMC, Memory: 1024MB, Disk: 18GB VBOX HDD, Graphics: LLVMpipe, Audio: Intel 82801AA AC 97 Audio, Monitor: VBOX monitor, Network: Intel 82540EM Gigabit</Hardware>
    <Software>OS: Ubuntu 12.10, Kernel: 3.5.0-27-generic-bfs-ck1 (i686), Desktop: Unity 6.12.0, Display Server: X Server 1.13.0, Display Driver: modesetting 0.5.0, OpenGL: 2.1 Mesa 9.0.3 Gallium 0.4, Compiler: GCC 4.7, File-System: ext4, Screen Resolution: 1024x768, System Layer: VirtualBox</Software>
    <User>rayman-vm</User>
    <TimeStamp>2013-05-16 16:39:29</TimeStamp>
    <TestClientVersion>4.4.1</TestClientVersion>
    <Notes></Notes>
    <JSON>{"compiler-configuration":"--build=i686-linux-gnu --disable-werror --enable-checking=release --enable-clocale=gnu --enable-gnu-unique-object --enable-languages=c,c++,go,fortran,objc,obj-c++ --enable-libstdcxx-debug --enable-libstdcxx-time=yes --enable-nls --enable-objc-gc --enable-plugin --enable-shared --enable-targets=all --enable-threads=posix --host=i686-linux-gnu --target=i686-linux-gnu --with-arch-32=i686 --with-tune=generic -v"}</JSON>
  </System>
  <Result>
    <Identifier>pts/apache-1.5.2</Identifier>
    <Title>Apache Benchmark</Title>
    <AppVersion>2.4.3</AppVersion>
    <Arguments></Arguments>
    <Description>Static Web Page Serving</Description>
    <Scale>Requests Per Second</Scale>
    <Proportion>HIB</Proportion>
    <DisplayFormat>BAR_GRAPH</DisplayFormat>
    <Data>
      <Entry>
        <Identifier>apache-152-exp-bfs-4</Identifier>
        <Value>2649.11</Value>
        <RawString>2649.41:2666.67:2631.24</RawString>
        <JSON>{"compiler-options":{"compiler-type":"CC","compiler":"gcc","compiler-options":"-shared -fPIC -O2 -pthread"}}</JSON>
      </Entry>
    </Data>
  </Result>
  <Result>
    <Identifier></Identifier>
    <Title>Apache Benchmark</Title>
    <AppVersion>2.4.3</AppVersion>
    <Arguments>CPU Frequency </Arguments>
    <Description>CPU Frequency Monitor</Description>
    <Scale>Megahertz</Scale>
    <Proportion>LIB</Proportion>
    <DisplayFormat>LINE_GRAPH</DisplayFormat>
    <Data>
      <Entry>
        <Identifier>apache-152-exp-bfs-4</Identifier>
        <Value>2379.00,2379.00,2379.00,2379.00,2379.00,2379.00,2379.00,2379.00,2379.00,2379.00,2379.00,2379.00,2379.00,2379.00,2379.00,2379.00,2379.00,2379.00,2379.00,2379.00,2379.00,2379.00,2379.00,2379.00,2379.00,2379.00,2379.00,2379.00,2379.00,2379.00,2379.00,2379.00,2379.00,2379.00,2379.00,2379.00,2379.00,2379.00,2379.00,2379.00,2379.00,2379.00,2379.00,2379.00,2379.00,2379.00,2379.00,2379.00,2379.00,2379.00,2379.00,2379.00,2379.00,2379.00,2379.00,2379.00,2379.00,2379.00,2379.00,2379.00,2379.00,2379.00,2379.00,2379.00,2379.00,2379.00,2379.00,2379.00,2379.00,2379.00,2379.00,2379.00,2379.00,2379.00,2379.00,2379.00,2379.00,2379.00,2379.00,2379.00,2379.00,2379.00,2379.00,2379.00,2379.00,2379.00,2379.00,2379.00,2379.00,2379.00,2379.00,2379.00,2379.00,2379.00,2379.00,2379.00,2379.00,2379.00,2379.00,2379.00,2379.00,2379.00,2379.00,2379.00,2379.00,2379.00,2379.00,2379.00,2379.00,2379.00,2379.00,2379.00,2379.00,2379.00,2379.00,2379.00,2379.00,2379.00,2379.00,2379.00,2379.00,2379.00,2379.00,2379.00,2379.00,2379.00,2379.00,2379.00,2379.00,2379.00,2379.00,2379.00,2379.00,2379.00,2379.00,2379.00,2379.00,2379.00,2379.00,2379.00,2379.00,2379.00,2379.00,2379.00,2379.00,2379.00,2379.00,2379.00,2379.00,2379.00,2379.00,2379.00,2379.00,2379.00,2379.00,2379.00,2379.00,2379.00,2379.00,2379.00,2379.00</Value>
        <RawString>2379.00,2379.00,2379.00,2379.00,2379.00,2379.00,2379.00,2379.00,2379.00,2379.00,2379.00,2379.00,2379.00,2379.00,2379.00,2379.00,2379.00,2379.00,2379.00,2379.00,2379.00,2379.00,2379.00,2379.00,2379.00,2379.00,2379.00,2379.00,2379.00,2379.00,2379.00,2379.00,2379.00,2379.00,2379.00,2379.00,2379.00,2379.00,2379.00,2379.00,2379.00,2379.00,2379.00,2379.00,2379.00,2379.00,2379.00,2379.00,2379.00,2379.00,2379.00,2379.00,2379.00,2379.00,2379.00,2379.00,2379.00,2379.00,2379.00,2379.00,2379.00,2379.00,2379.00,2379.00,2379.00,2379.00,2379.00,2379.00,2379.00,2379.00,2379.00,2379.00,2379.00,2379.00,2379.00,2379.00,2379.00,2379.00,2379.00,2379.00,2379.00,2379.00,2379.00,2379.00,2379.00,2379.00,2379.00,2379.00,2379.00,2379.00,2379.00,2379.00,2379.00,2379.00,2379.00,2379.00,2379.00,2379.00,2379.00,2379.00,2379.00,2379.00,2379.00,2379.00,2379.00,2379.00,2379.00,2379.00,2379.00,2379.00,2379.00,2379.00,2379.00,2379.00,2379.00,2379.00,2379.00,2379.00,2379.00,2379.00,2379.00,2379.00,2379.00,2379.00,2379.00,2379.00,2379.00,2379.00,2379.00,2379.00,2379.00,2379.00,2379.00,2379.00,2379.00,2379.00,2379.00,2379.00,2379.00,2379.00,2379.00,2379.00,2379.00,2379.00,2379.00,2379.00,2379.00,2379.00,2379.00,2379.00,2379.00,2379.00,2379.00,2379.00,2379.00,2379.00,2379.00,2379.00,2379.00,2379.00,2379.00</RawString>
      </Entry>
    </Data>
  </Result>
  <Result>
    <Identifier></Identifier>
    <Title>Apache Benchmark</Title>
    <AppVersion>2.4.3</AppVersion>
    <Arguments>CPU Usage </Arguments>
    <Description>CPU Usage Monitor</Description>
    <Scale>Percent</Scale>
    <Proportion>LIB</Proportion>
    <DisplayFormat>LINE_GRAPH</DisplayFormat>
    <Data>
      <Entry>
        <Identifier>apache-152-exp-bfs-4</Identifier>
        <Value>5.38,73.10,72.73,73.61,73.76,73.85,72.99,73.93,73.04,73.04,73.56,73.26,72.67,73.62,73.12,73.10,72.59,73.41,74.21,74.32,73.75,73.47,72.83,73.41,72.67,72.97,73.18,73.55,73.56,74.05,73.55,72.75,74.42,73.56,73.78,72.54,73.91,72.57,73.47,72.86,73.75,73.26,73.41,73.55,74.04,73.12,73.20,73.84,73.61,73.12,72.89,77.08,73.39,47.85,74.05,75.00,74.57,72.21,73.55,73.04,73.41,73.04,73.28,76.66,73.55,73.26,73.75,72.75,73.29,73.68,73.20,72.83,73.07,73.04,72.54,76.64,73.91,73.47,72.54,73.33,72.78,73.12,73.18,73.04,72.54,73.18,73.12,76.66,73.98,73.16,73.57,73.47,72.89,72.30,73.55,72.43,73.55,73.67,72.81,73.33,73.41,73.02,72.49,73.12,73.39,72.97,51.92,74.64,74.50,73.10,72.54,73.70,72.75,73.33,74.14,73.68,74.34,72.90,76.56,75.00,73.62,72.99,72.70,73.76,72.97,73.26,73.47,73.10,73.84,72.35,72.89,73.62,73.61,74.13,72.78,73.04,73.02,73.90,73.39,72.59,72.73,74.49,73.53,73.75,73.49,72.89,73.55,72.86,73.47,73.55,73.68,72.51,72.33,72.62,73.91,73.18,73.18,72.35,64.86,73.62,25.47</Value>
        <RawString>5.38,73.10,72.73,73.61,73.76,73.85,72.99,73.93,73.04,73.04,73.56,73.26,72.67,73.62,73.12,73.10,72.59,73.41,74.21,74.32,73.75,73.47,72.83,73.41,72.67,72.97,73.18,73.55,73.56,74.05,73.55,72.75,74.42,73.56,73.78,72.54,73.91,72.57,73.47,72.86,73.75,73.26,73.41,73.55,74.04,73.12,73.20,73.84,73.61,73.12,72.89,77.08,73.39,47.85,74.05,75.00,74.57,72.21,73.55,73.04,73.41,73.04,73.28,76.66,73.55,73.26,73.75,72.75,73.29,73.68,73.20,72.83,73.07,73.04,72.54,76.64,73.91,73.47,72.54,73.33,72.78,73.12,73.18,73.04,72.54,73.18,73.12,76.66,73.98,73.16,73.57,73.47,72.89,72.30,73.55,72.43,73.55,73.67,72.81,73.33,73.41,73.02,72.49,73.12,73.39,72.97,51.92,74.64,74.50,73.10,72.54,73.70,72.75,73.33,74.14,73.68,74.34,72.90,76.56,75.00,73.62,72.99,72.70,73.76,72.97,73.26,73.47,73.10,73.84,72.35,72.89,73.62,73.61,74.13,72.78,73.04,73.02,73.90,73.39,72.59,72.73,74.49,73.53,73.75,73.49,72.89,73.55,72.86,73.47,73.55,73.68,72.51,72.33,72.62,73.91,73.18,73.18,72.35,64.86,73.62,25.47</RawString>
      </Entry>
    </Data>
  </Result>
  <Result>
    <Identifier></Identifier>
    <Title>Apache Benchmark</Title>
    <AppVersion>2.4.3</AppVersion>
    <Arguments>Drive Read Speed </Arguments>
    <Description>Drive Read Speed Monitor</Description>
    <Scale>MB/s</Scale>
    <Proportion>LIB</Proportion>
    <DisplayFormat>LINE_GRAPH</DisplayFormat>
    <Data>
      <Entry>
        <Identifier>apache-152-exp-bfs-4</Identifier>
        <Value>0.00,0.00,0.00,0.00,0.00,0.00,0.00,0.00,0.00,0.00,0.00,0.00,0.00,0.00,0.00,0.00,0.00,0.00,0.00,0.00,0.00,0.00,0.00,0.00,0.00,0.00,0.00,0.00,0.00,0.00,0.00,0.00,0.00,0.00,0.00,0.00,0.00,0.00,0.00,0.00,0.00,0.00,0.00,0.00,0.00,0.00,0.00,0.00,0.00,0.00,0.00,0.00,0.00,0.00,0.00,0.00,0.00,0.00,0.00,0.00,0.00,0.00,0.00,0.00,0.00,0.00,0.00,0.00,0.00,0.00,0.00,0.00,0.00,0.00,0.00,0.00,0.00,0.00,0.00,0.00,0.00,0.00,0.00,0.00,0.00,0.00,0.00,0.00,0.00,0.00,0.00,0.00,0.19,0.00,0.00,0.00,0.00,0.00,0.35,0.00,0.00,0.00,0.00,0.00,0.00,0.00,0.00,0.00,0.00,0.00,0.00,0.00,0.00,0.00,0.00,0.00,0.00,0.00,0.00,0.00,0.00,0.00,0.00,0.00,0.00,0.00,0.00,0.00,0.00,0.00,0.00,0.00,0.00,0.00,0.00,0.00,0.00,0.00,0.00,0.00,0.00,0.00,0.00,0.00,0.00,0.00,0.00,0.00,0.00,0.00,0.00,0.00,0.00,0.00,0.00,0.00,0.00,0.00,0.00,0.00,0.00</Value>
        <RawString>0.00,0.00,0.00,0.00,0.00,0.00,0.00,0.00,0.00,0.00,0.00,0.00,0.00,0.00,0.00,0.00,0.00,0.00,0.00,0.00,0.00,0.00,0.00,0.00,0.00,0.00,0.00,0.00,0.00,0.00,0.00,0.00,0.00,0.00,0.00,0.00,0.00,0.00,0.00,0.00,0.00,0.00,0.00,0.00,0.00,0.00,0.00,0.00,0.00,0.00,0.00,0.00,0.00,0.00,0.00,0.00,0.00,0.00,0.00,0.00,0.00,0.00,0.00,0.00,0.00,0.00,0.00,0.00,0.00,0.00,0.00,0.00,0.00,0.00,0.00,0.00,0.00,0.00,0.00,0.00,0.00,0.00,0.00,0.00,0.00,0.00,0.00,0.00,0.00,0.00,0.00,0.00,0.19,0.00,0.00,0.00,0.00,0.00,0.35,0.00,0.00,0.00,0.00,0.00,0.00,0.00,0.00,0.00,0.00,0.00,0.00,0.00,0.00,0.00,0.00,0.00,0.00,0.00,0.00,0.00,0.00,0.00,0.00,0.00,0.00,0.00,0.00,0.00,0.00,0.00,0.00,0.00,0.00,0.00,0.00,0.00,0.00,0.00,0.00,0.00,0.00,0.00,0.00,0.00,0.00,0.00,0.00,0.00,0.00,0.00,0.00,0.00,0.00,0.00,0.00,0.00,0.00,0.00,0.00,0.00,0.00</RawString>
      </Entry>
    </Data>
  </Result>
  <Result>
    <Identifier></Identifier>
    <Title>Apache Benchmark</Title>
    <AppVersion>2.4.3</AppVersion>
    <Arguments>Drive Write Speed </Arguments>
    <Description>Drive Write Speed Monitor</Description>
    <Scale>MB/s</Scale>
    <Proportion>LIB</Proportion>
    <DisplayFormat>LINE_GRAPH</DisplayFormat>
    <Data>
      <Entry>
        <Identifier>apache-152-exp-bfs-4</Identifier>
        <Value>0.00,0.00,0.00,0.00,0.00,0.00,0.00,0.00,0.00,0.00,0.00,0.00,0.00,0.00,0.00,0.00,0.00,0.00,0.00,0.00,0.00,0.00,0.00,0.00,0.00,0.00,0.00,0.00,0.00,0.00,0.00,0.00,0.00,0.00,0.00,0.00,0.00,0.00,0.00,0.00,0.00,0.00,0.00,0.00,0.00,0.00,0.00,62.50,1.59,9.38,0.33,0.33,0.33,0.00,78.13,0.00,42.97,46.88,0.00,50.78,0.86,58.59,0.28,0.32,0.38,0.38,0.31,0.57,0.28,0.32,0.36,0.34,15.46,0.25,0.25,0.34,0.34,0.42,0.34,14.43,0.03,0.13,0.05,0.00,0.00,17.56,0.00,0.00,0.22,0.00,0.00,0.00,3.86,0.00,0.00,0.00,0.00,0.00,0.00,0.00,0.00,0.00,0.00,0.00,0.00,0.00,0.08,8.20,0.00,46.88,0.00,0.41,0.52,0.47,0.29,0.33,0.23,0.17,0.36,0.31,0.25,0.35,0.31,0.58,0.19,0.43,0.38,0.39,0.38,0.43,0.04,0.03,0.03,0.03,0.02,0.00,0.00,0.02,0.00,0.00,0.00,0.00,0.00,0.00,0.00,0.00,0.00,0.00,0.00,0.00,0.00,0.00,0.00,0.00,0.00,0.00,0.00,0.00,0.00,0.00,0.00</Value>
        <RawString>0.00,0.00,0.00,0.00,0.00,0.00,0.00,0.00,0.00,0.00,0.00,0.00,0.00,0.00,0.00,0.00,0.00,0.00,0.00,0.00,0.00,0.00,0.00,0.00,0.00,0.00,0.00,0.00,0.00,0.00,0.00,0.00,0.00,0.00,0.00,0.00,0.00,0.00,0.00,0.00,0.00,0.00,0.00,0.00,0.00,0.00,0.00,62.50,1.59,9.38,0.33,0.33,0.33,0.00,78.13,0.00,42.97,46.88,0.00,50.78,0.86,58.59,0.28,0.32,0.38,0.38,0.31,0.57,0.28,0.32,0.36,0.34,15.46,0.25,0.25,0.34,0.34,0.42,0.34,14.43,0.03,0.13,0.05,0.00,0.00,17.56,0.00,0.00,0.22,0.00,0.00,0.00,3.86,0.00,0.00,0.00,0.00,0.00,0.00,0.00,0.00,0.00,0.00,0.00,0.00,0.00,0.08,8.20,0.00,46.88,0.00,0.41,0.52,0.47,0.29,0.33,0.23,0.17,0.36,0.31,0.25,0.35,0.31,0.58,0.19,0.43,0.38,0.39,0.38,0.43,0.04,0.03,0.03,0.03,0.02,0.00,0.00,0.02,0.00,0.00,0.00,0.00,0.00,0.00,0.00,0.00,0.00,0.00,0.00,0.00,0.00,0.00,0.00,0.00,0.00,0.00,0.00,0.00,0.00,0.00,0.00</RawString>
      </Entry>
    </Data>
  </Result>
  <Result>
    <Identifier></Identifier>
    <Title>Apache Benchmark</Title>
    <AppVersion>2.4.3</AppVersion>
    <Arguments>Memory Usage </Arguments>
    <Description>Memory Usage Monitor</Description>
    <Scale>Megabytes</Scale>
    <Proportion>LIB</Proportion>
    <DisplayFormat>LINE_GRAPH</DisplayFormat>
    <Data>
      <Entry>
        <Identifier>apache-152-exp-bfs-4</Identifier>
        <Value>362,362,363,365,365,367,367,369,369,370,372,372,373,375,376,376,377,379,379,380,382,383,383,385,385,387,387,388,390,391,392,392,393,394,395,397,398,398,399,400,401,402,403,404,405,407,407,408,409,410,411,412,414,414,414,416,416,418,419,419,421,421,423,423,425,426,427,428,429,430,431,431,432,433,435,436,437,438,439,440,440,442,443,444,445,446,447,448,449,450,451,452,452,453,455,456,457,458,459,460,461,462,463,464,465,466,467,467,468,469,470,471,472,473,475,475,476,477,477,479,480,480,482,483,484,485,486,486,487,488,490,491,492,493,494,495,495,497,498,499,500,501,502,503,504,504,506,506,508,509,509,511,512,513,514,514,516,517,518,519,329</Value>
        <RawString>362,362,363,365,365,367,367,369,369,370,372,372,373,375,376,376,377,379,379,380,382,383,383,385,385,387,387,388,390,391,392,392,393,394,395,397,398,398,399,400,401,402,403,404,405,407,407,408,409,410,411,412,414,414,414,416,416,418,419,419,421,421,423,423,425,426,427,428,429,430,431,431,432,433,435,436,437,438,439,440,440,442,443,444,445,446,447,448,449,450,451,452,452,453,455,456,457,458,459,460,461,462,463,464,465,466,467,467,468,469,470,471,472,473,475,475,476,477,477,479,480,480,482,483,484,485,486,486,487,488,490,491,492,493,494,495,495,497,498,499,500,501,502,503,504,504,506,506,508,509,509,511,512,513,514,514,516,517,518,519,329</RawString>
      </Entry>
    </Data>
  </Result>
  <Result>
    <Identifier></Identifier>
    <Title>Apache Benchmark</Title>
    <AppVersion>2.4.3</AppVersion>
    <Arguments>System Iowait </Arguments>
    <Description>System Iowait Monitor</Description>
    <Scale>Percent</Scale>
    <Proportion>LIB</Proportion>
    <DisplayFormat>LINE_GRAPH</DisplayFormat>
    <Data>
      <Entry>
        <Identifier>apache-152-exp-bfs-4</Identifier>
        <Value>3.17,0.00,0.00,0.00,0.00,0.00,0.00,0.00,0.00,0.00,0.00,0.00,0.00,0.00,0.00,0.00,0.00,0.00,0.00,0.28,0.00,0.00,0.00,0.00,0.00,0.00,0.00,0.00,0.00,0.00,0.00,0.56,0.83,0.55,1.39,0.83,0.56,0.83,1.38,1.39,0.84,1.10,1.37,0.59,0.83,1.11,0.82,0.55,0.55,0.27,0.00,0.00,0.00,11.14,0.55,0.28,0.28,0.28,0.00,1.38,0.00,0.00,0.00,0.00,0.00,0.00,0.00,0.00,0.00,0.00,0.00,0.00,0.00,0.00,0.00,0.00,0.00,0.00,0.00,0.00,0.00,0.00,0.00,0.00,0.00,0.00,0.00,0.00,0.00,0.00,0.00,0.00,0.00,0.00,0.00,0.00,0.00,0.00,0.00,0.00,0.00,0.00,0.00,0.00,0.00,0.00,0.00,0.55,0.55,0.27,0.56,0.27,0.00,0.00,0.00,0.00,0.00,0.00,0.00,0.00,0.00,0.00,0.00,0.00,0.00,0.00,0.00,0.00,0.00,0.00,0.00,0.00,0.00,0.00,0.00,0.00,0.00,0.00,0.00,0.00,0.00,0.00,1.11,0.00,0.00,0.00,0.00,0.00,0.00,0.00,0.00,0.00,0.00,0.00,0.00,0.00,0.00,0.00,0.00,0.00,0.00</Value>
        <RawString>3.17,0.00,0.00,0.00,0.00,0.00,0.00,0.00,0.00,0.00,0.00,0.00,0.00,0.00,0.00,0.00,0.00,0.00,0.00,0.28,0.00,0.00,0.00,0.00,0.00,0.00,0.00,0.00,0.00,0.00,0.00,0.56,0.83,0.55,1.39,0.83,0.56,0.83,1.38,1.39,0.84,1.10,1.37,0.59,0.83,1.11,0.82,0.55,0.55,0.27,0.00,0.00,0.00,11.14,0.55,0.28,0.28,0.28,0.00,1.38,0.00,0.00,0.00,0.00,0.00,0.00,0.00,0.00,0.00,0.00,0.00,0.00,0.00,0.00,0.00,0.00,0.00,0.00,0.00,0.00,0.00,0.00,0.00,0.00,0.00,0.00,0.00,0.00,0.00,0.00,0.00,0.00,0.00,0.00,0.00,0.00,0.00,0.00,0.00,0.00,0.00,0.00,0.00,0.00,0.00,0.00,0.00,0.55,0.55,0.27,0.56,0.27,0.00,0.00,0.00,0.00,0.00,0.00,0.00,0.00,0.00,0.00,0.00,0.00,0.00,0.00,0.00,0.00,0.00,0.00,0.00,0.00,0.00,0.00,0.00,0.00,0.00,0.00,0.00,0.00,0.00,0.00,1.11,0.00,0.00,0.00,0.00,0.00,0.00,0.00,0.00,0.00,0.00,0.00,0.00,0.00,0.00,0.00,0.00,0.00,0.00</RawString>
      </Entry>
    </Data>
  </Result>
</PhoronixTestSuite>
