<?xml version="1.0"?>
<!--Phoronix Test Suite v4.4.1 (Forsand)-->
<?xml-stylesheet type="text/xsl" href="pts-results-viewer.xsl"?>
<PhoronixTestSuite>
  <Generated>
    <Title>compress-gzip-110-exp-bfs-1</Title>
    <LastModified>2013-05-16 19:47:06</LastModified>
    <TestClient>Phoronix Test Suite v4.4.1 (Forsand)</TestClient>
    <Description>VirtualBox testing on Ubuntu 12.10 via the Phoronix Test Suite.</Description>
  </Generated>
  <System>
    <Identifier>compress-gzip-110-exp-bfs-1</Identifier>
    <Hardware>Processor: Intel Core i5-2430M @ 2.38GHz (4 Cores), Motherboard: Oracle VirtualBox v1.2, Chipset: Intel 440FX- 82441FX PMC, Memory: 1024MB, Disk: 18GB VBOX HDD, Graphics: LLVMpipe, Audio: Intel 82801AA AC 97 Audio, Monitor: VBOX monitor, Network: Intel 82540EM Gigabit</Hardware>
    <Software>OS: Ubuntu 12.10, Kernel: 3.5.0-27-generic-bfs-ck1 (i686), Desktop: Unity 6.12.0, Display Server: X Server 1.13.0, Display Driver: modesetting 0.5.0, OpenGL: 2.1 Mesa 9.0.3 Gallium 0.4, Compiler: GCC 4.7, File-System: ext4, Screen Resolution: 1024x768, System Layer: VirtualBox</Software>
    <User>rayman-vm</User>
    <TimeStamp>2013-05-16 19:47:06</TimeStamp>
    <TestClientVersion>4.4.1</TestClientVersion>
    <Notes></Notes>
  </System>
  <Result>
    <Identifier>pts/compress-gzip-1.1.0</Identifier>
    <Title>Gzip Compression</Title>
    <AppVersion></AppVersion>
    <Arguments></Arguments>
    <Description>2GB File Compression</Description>
    <Scale>Seconds</Scale>
    <Proportion>LIB</Proportion>
    <DisplayFormat>BAR_GRAPH</DisplayFormat>
    <Data>
      <Entry>
        <Identifier>compress-gzip-110-exp-bfs-1</Identifier>
        <Value>40.22</Value>
        <RawString>40.205154180527:40.489914894104:39.959857940674</RawString>
      </Entry>
    </Data>
  </Result>
  <Result>
    <Identifier></Identifier>
    <Title>Gzip Compression</Title>
    <AppVersion></AppVersion>
    <Arguments>CPU Frequency </Arguments>
    <Description>CPU Frequency Monitor</Description>
    <Scale>Megahertz</Scale>
    <Proportion>LIB</Proportion>
    <DisplayFormat>LINE_GRAPH</DisplayFormat>
    <Data>
      <Entry>
        <Identifier>compress-gzip-110-exp-bfs-1</Identifier>
        <Value>2379.00,2379.00,2379.00,2379.00,2379.00,2379.00,2379.00,2379.00,2379.00,2379.00,2379.00,2379.00,2379.00,2379.00,2379.00,2379.00,2379.00,2379.00,2379.00,2379.00,2379.00,2379.00,2379.00,2379.00,2379.00,2379.00,2379.00,2379.00,2379.00,2379.00</Value>
        <RawString>2379.00,2379.00,2379.00,2379.00,2379.00,2379.00,2379.00,2379.00,2379.00,2379.00,2379.00,2379.00,2379.00,2379.00,2379.00,2379.00,2379.00,2379.00,2379.00,2379.00,2379.00,2379.00,2379.00,2379.00,2379.00,2379.00,2379.00,2379.00,2379.00,2379.00</RawString>
      </Entry>
    </Data>
  </Result>
  <Result>
    <Identifier></Identifier>
    <Title>Gzip Compression</Title>
    <AppVersion></AppVersion>
    <Arguments>CPU Usage </Arguments>
    <Description>CPU Usage Monitor</Description>
    <Scale>Percent</Scale>
    <Proportion>LIB</Proportion>
    <DisplayFormat>LINE_GRAPH</DisplayFormat>
    <Data>
      <Entry>
        <Identifier>compress-gzip-110-exp-bfs-1</Identifier>
        <Value>7.43,4.68,0.73,6.12,4.56,9.38,31.82,33.82,34.62,29.30,34.57,30.23,33.58,27.42,30.12,34.46,23.72,32.82,31.25,30.10,33.08,28.76,20.44,31.82,37.17,30.30,31.27,31.23,36.68,29.14</Value>
        <RawString>7.43,4.68,0.73,6.12,4.56,9.38,31.82,33.82,34.62,29.30,34.57,30.23,33.58,27.42,30.12,34.46,23.72,32.82,31.25,30.10,33.08,28.76,20.44,31.82,37.17,30.30,31.27,31.23,36.68,29.14</RawString>
      </Entry>
    </Data>
  </Result>
  <Result>
    <Identifier></Identifier>
    <Title>Gzip Compression</Title>
    <AppVersion></AppVersion>
    <Arguments>Drive Read Speed </Arguments>
    <Description>Drive Read Speed Monitor</Description>
    <Scale>MB/s</Scale>
    <Proportion>LIB</Proportion>
    <DisplayFormat>LINE_GRAPH</DisplayFormat>
    <Data>
      <Entry>
        <Identifier>compress-gzip-110-exp-bfs-1</Identifier>
        <Value>0.00,0.00,0.00,0.00,0.00,0.05,4.73,10.31,12.83,12.94,9.70,13.47,11.41,10.42,14.97,11.56,12.18,11.14,9.49,14.41,9.94,9.08,12.68,7.22,12.55,10.21,10.36,15.07,11.71,8.44</Value>
        <RawString>0.00,0.00,0.00,0.00,0.00,0.05,4.73,10.31,12.83,12.94,9.70,13.47,11.41,10.42,14.97,11.56,12.18,11.14,9.49,14.41,9.94,9.08,12.68,7.22,12.55,10.21,10.36,15.07,11.71,8.44</RawString>
      </Entry>
    </Data>
  </Result>
  <Result>
    <Identifier></Identifier>
    <Title>Gzip Compression</Title>
    <AppVersion></AppVersion>
    <Arguments>Drive Write Speed </Arguments>
    <Description>Drive Write Speed Monitor</Description>
    <Scale>MB/s</Scale>
    <Proportion>LIB</Proportion>
    <DisplayFormat>LINE_GRAPH</DisplayFormat>
    <Data>
      <Entry>
        <Identifier>compress-gzip-110-exp-bfs-1</Identifier>
        <Value>0.75,0.75,1.03,1.00,0.89,1.18,0.00,0.21,0.00,0.00,0.00,0.00,0.00,0.00,0.00,0.00,0.00,0.00,0.00,0.00,0.00,0.00,0.00,0.00,0.00,0.00,0.00,0.00,0.00,0.00</Value>
        <RawString>0.75,0.75,1.03,1.00,0.89,1.18,0.00,0.21,0.00,0.00,0.00,0.00,0.00,0.00,0.00,0.00,0.00,0.00,0.00,0.00,0.00,0.00,0.00,0.00,0.00,0.00,0.00,0.00,0.00,0.00</RawString>
      </Entry>
    </Data>
  </Result>
  <Result>
    <Identifier></Identifier>
    <Title>Gzip Compression</Title>
    <AppVersion></AppVersion>
    <Arguments>Memory Usage </Arguments>
    <Description>Memory Usage Monitor</Description>
    <Scale>Megabytes</Scale>
    <Proportion>LIB</Proportion>
    <DisplayFormat>LINE_GRAPH</DisplayFormat>
    <Data>
      <Entry>
        <Identifier>compress-gzip-110-exp-bfs-1</Identifier>
        <Value>551,563,568,558,559,570,550,555,552,552,550,552,551,552,553,552,552,550,550,551,551,550,552,551,551,551,552,552,551,550</Value>
        <RawString>551,563,568,558,559,570,550,555,552,552,550,552,551,552,553,552,552,550,550,551,551,550,552,551,551,551,552,552,551,550</RawString>
      </Entry>
    </Data>
  </Result>
  <Result>
    <Identifier></Identifier>
    <Title>Gzip Compression</Title>
    <AppVersion></AppVersion>
    <Arguments>System Iowait </Arguments>
    <Description>System Iowait Monitor</Description>
    <Scale>Percent</Scale>
    <Proportion>LIB</Proportion>
    <DisplayFormat>LINE_GRAPH</DisplayFormat>
    <Data>
      <Entry>
        <Identifier>compress-gzip-110-exp-bfs-1</Identifier>
        <Value>30.28,24.33,35.31,18.85,33.67,38.46,19.11,20.05,23.82,21.67,17.97,19.79,29.87,31.52,23.97,21.41,27.75,22.34,19.01,30.39,33.07,32.21,25.65,30.39,18.85,27.01,17.40,22.72,30.29,23.70</Value>
        <RawString>30.28,24.33,35.31,18.85,33.67,38.46,19.11,20.05,23.82,21.67,17.97,19.79,29.87,31.52,23.97,21.41,27.75,22.34,19.01,30.39,33.07,32.21,25.65,30.39,18.85,27.01,17.40,22.72,30.29,23.70</RawString>
      </Entry>
    </Data>
  </Result>
</PhoronixTestSuite>
