<?xml version="1.0"?>
<!--Phoronix Test Suite v4.4.1 (Forsand)-->
<?xml-stylesheet type="text/xsl" href="pts-results-viewer.xsl"?>
<PhoronixTestSuite>
  <Generated>
    <Title>openarena-150-exp-bfs-1</Title>
    <LastModified>2013-05-16 18:31:10</LastModified>
    <TestClient>Phoronix Test Suite v4.4.1 (Forsand)</TestClient>
    <Description>VirtualBox testing on Ubuntu 12.10 via the Phoronix Test Suite.</Description>
  </Generated>
  <System>
    <Identifier>openarena-150-exp-bfs-1</Identifier>
    <Hardware>Processor: Intel Core i5-2430M @ 2.38GHz (4 Cores), Motherboard: Oracle VirtualBox v1.2, Chipset: Intel 440FX- 82441FX PMC, Memory: 1024MB, Disk: 18GB VBOX HDD, Graphics: LLVMpipe, Audio: Intel 82801AA AC 97 Audio, Monitor: VBOX monitor, Network: Intel 82540EM Gigabit</Hardware>
    <Software>OS: Ubuntu 12.10, Kernel: 3.5.0-27-generic-bfs-ck1 (i686), Desktop: Unity 6.12.0, Display Server: X Server 1.13.0, Display Driver: modesetting 0.5.0, OpenGL: 2.1 Mesa 9.0.3 Gallium 0.4, Compiler: GCC 4.7, File-System: ext4, Screen Resolution: 1024x768, System Layer: VirtualBox</Software>
    <User>rayman-vm</User>
    <TimeStamp>2013-05-16 18:31:10</TimeStamp>
    <TestClientVersion>4.4.1</TestClientVersion>
    <Notes></Notes>
    <JSON>{"graphics-2d-acceleration":"ShadowFB"}</JSON>
  </System>
  <Result>
    <Identifier>pts/openarena-1.5.0</Identifier>
    <Title>OpenArena</Title>
    <AppVersion>0.8.8</AppVersion>
    <Arguments>+set r_customWidth 1024 +set r_customHeight 768</Arguments>
    <Description>Resolution: 1024 x 768</Description>
    <Scale>Frames Per Second</Scale>
    <Proportion>HIB</Proportion>
    <DisplayFormat>BAR_GRAPH</DisplayFormat>
    <Data>
      <Entry>
        <Identifier>openarena-150-exp-bfs-1</Identifier>
        <Value>2.33</Value>
        <RawString>2.4:2.2:2.4</RawString>
      </Entry>
    </Data>
  </Result>
  <Result>
    <Identifier></Identifier>
    <Title>OpenArena</Title>
    <AppVersion>0.8.8</AppVersion>
    <Arguments>CPU Frequency +set r_customWidth 1024 +set r_customHeight 768</Arguments>
    <Description>CPU Frequency Monitor</Description>
    <Scale>Megahertz</Scale>
    <Proportion>LIB</Proportion>
    <DisplayFormat>LINE_GRAPH</DisplayFormat>
    <Data>
      <Entry>
        <Identifier>openarena-150-exp-bfs-1</Identifier>
        <Value>2379.00,2379.00,2379.00,2379.00,2379.00,2379.00,2379.00,2379.00,2379.00,2379.00,2379.00,2379.00,2379.00,2379.00,2379.00,2379.00,2379.00,2379.00,2379.00,2379.00,2379.00,2379.00,2379.00,2379.00,2379.00,2379.00,2379.00,2379.00,2379.00,2379.00,2379.00,2379.00,2379.00,2379.00,2379.00,2379.00,2379.00,2379.00,2379.00,2379.00,2379.00,2379.00,2379.00,2379.00,2379.00,2379.00,2379.00,2379.00,2379.00,2379.00,2379.00,2379.00,2379.00,2379.00,2379.00,2379.00,2379.00,2379.00,2379.00,2379.00,2379.00,2379.00,2379.00,2379.00,2379.00,2379.00,2379.00,2379.00,2379.00,2379.00,2379.00,2379.00,2379.00,2379.00,2379.00,2379.00,2379.00,2379.00,2379.00,2379.00,2379.00,2379.00,2379.00,2379.00,2379.00,2379.00,2379.00,2379.00,2379.00,2379.00,2379.00,2379.00,2379.00,2379.00,2379.00,2379.00,2379.00,2379.00,2379.00,2379.00,2379.00,2379.00,2379.00,2379.00,2379.00,2379.00,2379.00,2379.00,2379.00,2379.00,2379.00,2379.00,2379.00,2379.00,2379.00,2379.00,2379.00,2379.00,2379.00,2379.00,2379.00,2379.00,2379.00,2379.00,2379.00,2379.00,2379.00,2379.00,2379.00,2379.00,2379.00,2379.00,2379.00,2379.00,2379.00,2379.00,2379.00,2379.00,2379.00,2379.00,2379.00,2379.00,2379.00,2379.00,2379.00,2379.00,2379.00,2379.00,2379.00,2379.00,2379.00,2379.00,2379.00,2379.00,2379.00,2379.00,2379.00,2379.00,2379.00,2379.00,2379.00,2379.00,2379.00,2379.00,2379.00,2379.00,2379.00,2379.00,2379.00,2379.00,2379.00,2379.00,2379.00,2379.00,2379.00,2379.00,2379.00,2379.00,2379.00,2379.00,2379.00,2379.00,2379.00,2379.00,2379.00,2379.00,2379.00,2379.00,2379.00,2379.00,2379.00,2379.00,2379.00,2379.00,2379.00,2379.00,2379.00,2379.00,2379.00,2379.00,2379.00,2379.00,2379.00,2379.00,2379.00,2379.00,2379.00,2379.00,2379.00,2379.00,2379.00,2379.00,2379.00,2379.00,2379.00,2379.00,2379.00,2379.00,2379.00,2379.00,2379.00,2379.00,2379.00,2379.00,2379.00,2379.00,2379.00,2379.00,2379.00,2379.00,2379.00,2379.00,2379.00,2379.00,2379.00,2379.00,2379.00,2379.00,2379.00,2379.00,2379.00,2379.00,2379.00,2379.00,2379.00,2379.00,2379.00,2379.00,2379.00,2379.00,2379.00,2379.00,2379.00,2379.00,2379.00,2379.00,2379.00,2379.00,2379.00,2379.00,2379.00,2379.00,2379.00,2379.00,2379.00,2379.00,2379.00,2379.00,2379.00,2379.00,2379.00,2379.00,2379.00,2379.00,2379.00,2379.00,2379.00,2379.00,2379.00,2379.00,2379.00,2379.00,2379.00,2379.00,2379.00,2379.00,2379.00,2379.00,2379.00,2379.00,2379.00,2379.00,2379.00,2379.00,2379.00,2379.00,2379.00,2379.00,2379.00,2379.00,2379.00,2379.00,2379.00,2379.00,2379.00,2379.00,2379.00,2379.00,2379.00,2379.00,2379.00,2379.00,2379.00,2379.00,2379.00,2379.00,2379.00,2379.00,2379.00,2379.00,2379.00,2379.00,2379.00,2379.00,2379.00,2379.00,2379.00,2379.00,2379.00,2379.00,2379.00,2379.00,2379.00,2379.00,2379.00,2379.00,2379.00,2379.00,2379.00,2379.00,2379.00,2379.00,2379.00,2379.00,2379.00,2379.00,2379.00,2379.00,2379.00,2379.00,2379.00,2379.00,2379.00,2379.00,2379.00,2379.00,2379.00,2379.00,2379.00,2379.00,2379.00,2379.00,2379.00,2379.00,2379.00,2379.00,2379.00,2379.00,2379.00,2379.00,2379.00,2379.00,2379.00,2379.00,2379.00,2379.00,2379.00,2379.00,2379.00,2379.00,2379.00,2379.00,2379.00,2379.00,2379.00,2379.00,2379.00,2379.00,2379.00,2379.00,2379.00,2379.00,2379.00,2379.00,2379.00,2379.00,2379.00,2379.00,2379.00,2379.00,2379.00,2379.00,2379.00,2379.00,2379.00,2379.00,2379.00,2379.00,2379.00,2379.00,2379.00,2379.00,2379.00,2379.00,2379.00,2379.00,2379.00,2379.00,2379.00,2379.00,2379.00,2379.00,2379.00,2379.00,2379.00,2379.00,2379.00,2379.00,2379.00,2379.00,2379.00,2379.00,2379.00,2379.00,2379.00,2379.00,2379.00,2379.00,2379.00,2379.00,2379.00,2379.00,2379.00,2379.00,2379.00,2379.00,2379.00,2379.00,2379.00,2379.00,2379.00,2379.00,2379.00,2379.00,2379.00,2379.00,2379.00,2379.00,2379.00,2379.00,2379.00,2379.00,2379.00,2379.00,2379.00,2379.00,2379.00,2379.00,2379.00,2379.00,2379.00,2379.00,2379.00,2379.00,2379.00,2379.00,2379.00,2379.00,2379.00,2379.00,2379.00,2379.00,2379.00,2379.00,2379.00,2379.00,2379.00,2379.00,2379.00,2379.00,2379.00,2379.00,2379.00,2379.00,2379.00,2379.00,2379.00,2379.00,2379.00,2379.00,2379.00,2379.00,2379.00,2379.00,2379.00,2379.00,2379.00,2379.00,2379.00,2379.00,2379.00,2379.00,2379.00,2379.00,2379.00,2379.00,2379.00,2379.00,2379.00,2379.00,2379.00,2379.00,2379.00,2379.00,2379.00,2379.00,2379.00,2379.00,2379.00,2379.00,2379.00,2379.00,2379.00,2379.00,2379.00,2379.00,2379.00,2379.00,2379.00,2379.00,2379.00,2379.00,2379.00,2379.00,2379.00,2379.00,2379.00,2379.00,2379.00,2379.00,2379.00,2379.00,2379.00,2379.00,2379.00,2379.00,2379.00,2379.00,2379.00,2379.00,2379.00,2379.00,2379.00,2379.00,2379.00,2379.00,2379.00,2379.00,2379.00,2379.00,2379.00,2379.00,2379.00,2379.00,2379.00,2379.00,2379.00,2379.00,2379.00,2379.00,2379.00,2379.00,2379.00,2379.00,2379.00,2379.00,2379.00,2379.00,2379.00,2379.00,2379.00,2379.00,2379.00,2379.00,2379.00,2379.00,2379.00,2379.00,2379.00,2379.00,2379.00,2379.00,2379.00,2379.00,2379.00,2379.00,2379.00,2379.00,2379.00,2379.00,2379.00,2379.00,2379.00,2379.00,2379.00,2379.00,2379.00,2379.00,2379.00,2379.00,2379.00,2379.00,2379.00,2379.00,2379.00,2379.00,2379.00,2379.00,2379.00,2379.00,2379.00,2379.00,2379.00,2379.00,2379.00,2379.00,2379.00,2379.00,2379.00,2379.00,2379.00,2379.00,2379.00,2379.00,2379.00,2379.00,2379.00,2379.00,2379.00,2379.00,2379.00,2379.00,2379.00,2379.00,2379.00,2379.00,2379.00,2379.00,2379.00,2379.00,2379.00,2379.00,2379.00,2379.00,2379.00,2379.00,2379.00,2379.00,2379.00,2379.00,2379.00,2379.00,2379.00,2379.00,2379.00,2379.00,2379.00,2379.00,2379.00,2379.00,2379.00,2379.00,2379.00,2379.00,2379.00,2379.00,2379.00,2379.00,2379.00,2379.00,2379.00,2379.00,2379.00,2379.00,2379.00,2379.00,2379.00,2379.00,2379.00,2379.00,2379.00,2379.00,2379.00,2379.00,2379.00,2379.00,2379.00,2379.00,2379.00,2379.00,2379.00,2379.00,2379.00,2379.00,2379.00,2379.00,2379.00,2379.00,2379.00,2379.00,2379.00,2379.00,2379.00,2379.00,2379.00,2379.00,2379.00,2379.00,2379.00,2379.00,2379.00,2379.00,2379.00,2379.00,2379.00,2379.00,2379.00,2379.00,2379.00,2379.00,2379.00,2379.00,2379.00,2379.00,2379.00,2379.00,2379.00,2379.00,2379.00,2379.00,2379.00,2379.00,2379.00,2379.00,2379.00,2379.00,2379.00,2379.00,2379.00,2379.00,2379.00,2379.00,2379.00,2379.00,2379.00,2379.00,2379.00,2379.00,2379.00,2379.00,2379.00,2379.00,2379.00,2379.00,2379.00,2379.00,2379.00,2379.00,2379.00,2379.00,2379.00,2379.00,2379.00,2379.00,2379.00,2379.00,2379.00,2379.00,2379.00,2379.00,2379.00,2379.00,2379.00,2379.00,2379.00,2379.00,2379.00,2379.00,2379.00,2379.00,2379.00,2379.00,2379.00,2379.00,2379.00,2379.00,2379.00,2379.00,2379.00,2379.00,2379.00,2379.00,2379.00,2379.00,2379.00,2379.00,2379.00,2379.00,2379.00,2379.00,2379.00,2379.00,2379.00,2379.00,2379.00,2379.00,2379.00,2379.00,2379.00,2379.00,2379.00,2379.00,2379.00,2379.00,2379.00,2379.00,2379.00,2379.00,2379.00,2379.00,2379.00,2379.00,2379.00,2379.00,2379.00,2379.00,2379.00,2379.00,2379.00,2379.00,2379.00,2379.00,2379.00,2379.00,2379.00,2379.00,2379.00,2379.00,2379.00,2379.00,2379.00,2379.00,2379.00,2379.00,2379.00,2379.00,2379.00,2379.00,2379.00,2379.00,2379.00,2379.00,2379.00</Value>
        <RawString>2379.00,2379.00,2379.00,2379.00,2379.00,2379.00,2379.00,2379.00,2379.00,2379.00,2379.00,2379.00,2379.00,2379.00,2379.00,2379.00,2379.00,2379.00,2379.00,2379.00,2379.00,2379.00,2379.00,2379.00,2379.00,2379.00,2379.00,2379.00,2379.00,2379.00,2379.00,2379.00,2379.00,2379.00,2379.00,2379.00,2379.00,2379.00,2379.00,2379.00,2379.00,2379.00,2379.00,2379.00,2379.00,2379.00,2379.00,2379.00,2379.00,2379.00,2379.00,2379.00,2379.00,2379.00,2379.00,2379.00,2379.00,2379.00,2379.00,2379.00,2379.00,2379.00,2379.00,2379.00,2379.00,2379.00,2379.00,2379.00,2379.00,2379.00,2379.00,2379.00,2379.00,2379.00,2379.00,2379.00,2379.00,2379.00,2379.00,2379.00,2379.00,2379.00,2379.00,2379.00,2379.00,2379.00,2379.00,2379.00,2379.00,2379.00,2379.00,2379.00,2379.00,2379.00,2379.00,2379.00,2379.00,2379.00,2379.00,2379.00,2379.00,2379.00,2379.00,2379.00,2379.00,2379.00,2379.00,2379.00,2379.00,2379.00,2379.00,2379.00,2379.00,2379.00,2379.00,2379.00,2379.00,2379.00,2379.00,2379.00,2379.00,2379.00,2379.00,2379.00,2379.00,2379.00,2379.00,2379.00,2379.00,2379.00,2379.00,2379.00,2379.00,2379.00,2379.00,2379.00,2379.00,2379.00,2379.00,2379.00,2379.00,2379.00,2379.00,2379.00,2379.00,2379.00,2379.00,2379.00,2379.00,2379.00,2379.00,2379.00,2379.00,2379.00,2379.00,2379.00,2379.00,2379.00,2379.00,2379.00,2379.00,2379.00,2379.00,2379.00,2379.00,2379.00,2379.00,2379.00,2379.00,2379.00,2379.00,2379.00,2379.00,2379.00,2379.00,2379.00,2379.00,2379.00,2379.00,2379.00,2379.00,2379.00,2379.00,2379.00,2379.00,2379.00,2379.00,2379.00,2379.00,2379.00,2379.00,2379.00,2379.00,2379.00,2379.00,2379.00,2379.00,2379.00,2379.00,2379.00,2379.00,2379.00,2379.00,2379.00,2379.00,2379.00,2379.00,2379.00,2379.00,2379.00,2379.00,2379.00,2379.00,2379.00,2379.00,2379.00,2379.00,2379.00,2379.00,2379.00,2379.00,2379.00,2379.00,2379.00,2379.00,2379.00,2379.00,2379.00,2379.00,2379.00,2379.00,2379.00,2379.00,2379.00,2379.00,2379.00,2379.00,2379.00,2379.00,2379.00,2379.00,2379.00,2379.00,2379.00,2379.00,2379.00,2379.00,2379.00,2379.00,2379.00,2379.00,2379.00,2379.00,2379.00,2379.00,2379.00,2379.00,2379.00,2379.00,2379.00,2379.00,2379.00,2379.00,2379.00,2379.00,2379.00,2379.00,2379.00,2379.00,2379.00,2379.00,2379.00,2379.00,2379.00,2379.00,2379.00,2379.00,2379.00,2379.00,2379.00,2379.00,2379.00,2379.00,2379.00,2379.00,2379.00,2379.00,2379.00,2379.00,2379.00,2379.00,2379.00,2379.00,2379.00,2379.00,2379.00,2379.00,2379.00,2379.00,2379.00,2379.00,2379.00,2379.00,2379.00,2379.00,2379.00,2379.00,2379.00,2379.00,2379.00,2379.00,2379.00,2379.00,2379.00,2379.00,2379.00,2379.00,2379.00,2379.00,2379.00,2379.00,2379.00,2379.00,2379.00,2379.00,2379.00,2379.00,2379.00,2379.00,2379.00,2379.00,2379.00,2379.00,2379.00,2379.00,2379.00,2379.00,2379.00,2379.00,2379.00,2379.00,2379.00,2379.00,2379.00,2379.00,2379.00,2379.00,2379.00,2379.00,2379.00,2379.00,2379.00,2379.00,2379.00,2379.00,2379.00,2379.00,2379.00,2379.00,2379.00,2379.00,2379.00,2379.00,2379.00,2379.00,2379.00,2379.00,2379.00,2379.00,2379.00,2379.00,2379.00,2379.00,2379.00,2379.00,2379.00,2379.00,2379.00,2379.00,2379.00,2379.00,2379.00,2379.00,2379.00,2379.00,2379.00,2379.00,2379.00,2379.00,2379.00,2379.00,2379.00,2379.00,2379.00,2379.00,2379.00,2379.00,2379.00,2379.00,2379.00,2379.00,2379.00,2379.00,2379.00,2379.00,2379.00,2379.00,2379.00,2379.00,2379.00,2379.00,2379.00,2379.00,2379.00,2379.00,2379.00,2379.00,2379.00,2379.00,2379.00,2379.00,2379.00,2379.00,2379.00,2379.00,2379.00,2379.00,2379.00,2379.00,2379.00,2379.00,2379.00,2379.00,2379.00,2379.00,2379.00,2379.00,2379.00,2379.00,2379.00,2379.00,2379.00,2379.00,2379.00,2379.00,2379.00,2379.00,2379.00,2379.00,2379.00,2379.00,2379.00,2379.00,2379.00,2379.00,2379.00,2379.00,2379.00,2379.00,2379.00,2379.00,2379.00,2379.00,2379.00,2379.00,2379.00,2379.00,2379.00,2379.00,2379.00,2379.00,2379.00,2379.00,2379.00,2379.00,2379.00,2379.00,2379.00,2379.00,2379.00,2379.00,2379.00,2379.00,2379.00,2379.00,2379.00,2379.00,2379.00,2379.00,2379.00,2379.00,2379.00,2379.00,2379.00,2379.00,2379.00,2379.00,2379.00,2379.00,2379.00,2379.00,2379.00,2379.00,2379.00,2379.00,2379.00,2379.00,2379.00,2379.00,2379.00,2379.00,2379.00,2379.00,2379.00,2379.00,2379.00,2379.00,2379.00,2379.00,2379.00,2379.00,2379.00,2379.00,2379.00,2379.00,2379.00,2379.00,2379.00,2379.00,2379.00,2379.00,2379.00,2379.00,2379.00,2379.00,2379.00,2379.00,2379.00,2379.00,2379.00,2379.00,2379.00,2379.00,2379.00,2379.00,2379.00,2379.00,2379.00,2379.00,2379.00,2379.00,2379.00,2379.00,2379.00,2379.00,2379.00,2379.00,2379.00,2379.00,2379.00,2379.00,2379.00,2379.00,2379.00,2379.00,2379.00,2379.00,2379.00,2379.00,2379.00,2379.00,2379.00,2379.00,2379.00,2379.00,2379.00,2379.00,2379.00,2379.00,2379.00,2379.00,2379.00,2379.00,2379.00,2379.00,2379.00,2379.00,2379.00,2379.00,2379.00,2379.00,2379.00,2379.00,2379.00,2379.00,2379.00,2379.00,2379.00,2379.00,2379.00,2379.00,2379.00,2379.00,2379.00,2379.00,2379.00,2379.00,2379.00,2379.00,2379.00,2379.00,2379.00,2379.00,2379.00,2379.00,2379.00,2379.00,2379.00,2379.00,2379.00,2379.00,2379.00,2379.00,2379.00,2379.00,2379.00,2379.00,2379.00,2379.00,2379.00,2379.00,2379.00,2379.00,2379.00,2379.00,2379.00,2379.00,2379.00,2379.00,2379.00,2379.00,2379.00,2379.00,2379.00,2379.00,2379.00,2379.00,2379.00,2379.00,2379.00,2379.00,2379.00,2379.00,2379.00,2379.00,2379.00,2379.00,2379.00,2379.00,2379.00,2379.00,2379.00,2379.00,2379.00,2379.00,2379.00,2379.00,2379.00,2379.00,2379.00,2379.00,2379.00,2379.00,2379.00,2379.00,2379.00,2379.00,2379.00,2379.00,2379.00,2379.00,2379.00,2379.00,2379.00,2379.00,2379.00,2379.00,2379.00,2379.00,2379.00,2379.00,2379.00,2379.00,2379.00,2379.00,2379.00,2379.00,2379.00,2379.00,2379.00,2379.00,2379.00,2379.00,2379.00,2379.00,2379.00,2379.00,2379.00,2379.00,2379.00,2379.00,2379.00,2379.00,2379.00,2379.00,2379.00,2379.00,2379.00,2379.00,2379.00,2379.00,2379.00,2379.00,2379.00,2379.00,2379.00,2379.00,2379.00,2379.00,2379.00,2379.00,2379.00,2379.00,2379.00,2379.00,2379.00,2379.00,2379.00,2379.00,2379.00,2379.00,2379.00,2379.00,2379.00,2379.00,2379.00,2379.00,2379.00,2379.00,2379.00,2379.00,2379.00,2379.00,2379.00,2379.00,2379.00,2379.00,2379.00,2379.00,2379.00,2379.00,2379.00,2379.00,2379.00,2379.00,2379.00,2379.00,2379.00,2379.00,2379.00,2379.00,2379.00,2379.00,2379.00,2379.00,2379.00,2379.00,2379.00,2379.00,2379.00,2379.00,2379.00,2379.00,2379.00,2379.00,2379.00,2379.00,2379.00,2379.00,2379.00,2379.00,2379.00,2379.00,2379.00,2379.00,2379.00,2379.00,2379.00,2379.00,2379.00,2379.00,2379.00,2379.00,2379.00,2379.00,2379.00,2379.00,2379.00,2379.00,2379.00,2379.00,2379.00,2379.00,2379.00,2379.00,2379.00,2379.00,2379.00,2379.00,2379.00,2379.00,2379.00,2379.00,2379.00,2379.00,2379.00,2379.00,2379.00,2379.00,2379.00,2379.00,2379.00,2379.00,2379.00,2379.00,2379.00,2379.00,2379.00,2379.00,2379.00,2379.00,2379.00,2379.00,2379.00,2379.00,2379.00,2379.00,2379.00,2379.00,2379.00,2379.00,2379.00,2379.00,2379.00,2379.00,2379.00,2379.00,2379.00,2379.00,2379.00,2379.00,2379.00,2379.00,2379.00,2379.00,2379.00,2379.00,2379.00,2379.00,2379.00,2379.00,2379.00,2379.00</RawString>
      </Entry>
    </Data>
  </Result>
  <Result>
    <Identifier></Identifier>
    <Title>OpenArena</Title>
    <AppVersion>0.8.8</AppVersion>
    <Arguments>CPU Usage +set r_customWidth 1024 +set r_customHeight 768</Arguments>
    <Description>CPU Usage Monitor</Description>
    <Scale>Percent</Scale>
    <Proportion>LIB</Proportion>
    <DisplayFormat>LINE_GRAPH</DisplayFormat>
    <Data>
      <Entry>
        <Identifier>openarena-150-exp-bfs-1</Identifier>
        <Value>51.33,86.13,87.89,84.33,82.20,86.65,84.07,83.33,84.96,85.53,84.57,84.88,87.30,84.82,85.22,85.00,86.05,84.86,83.03,81.75,85.53,84.60,87.30,85.34,85.37,83.77,87.07,89.15,87.27,85.49,87.66,83.29,87.80,86.93,88.36,86.88,87.07,86.17,88.10,86.47,87.43,87.83,87.83,84.31,83.73,85.26,87.99,89.24,87.70,84.78,87.30,88.54,88.36,88.71,89.33,88.83,90.29,88.06,89.71,88.71,90.74,89.21,89.74,85.53,85.34,87.07,88.06,87.70,87.80,87.17,90.19,90.50,89.04,90.96,90.16,88.16,87.07,85.75,87.34,85.04,87.34,85.60,86.39,85.49,85.94,86.91,88.74,82.15,85.53,84.29,86.61,88.62,85.22,87.14,83.24,85.64,83.68,88.06,85.98,88.42,88.59,88.92,87.47,83.29,84.07,82.80,86.88,84.39,82.51,85.45,84.04,84.25,87.11,84.39,88.20,88.71,83.99,86.72,87.27,89.50,88.22,85.49,85.64,87.50,87.63,87.34,89.53,84.17,84.01,88.65,83.22,86.29,88.24,84.78,86.81,87.00,85.53,87.80,87.23,86.61,90.00,87.66,86.02,88.56,87.00,88.50,87.27,86.65,88.62,84.96,88.33,86.93,88.30,86.28,87.14,87.70,87.47,88.42,87.76,88.00,86.13,86.28,87.57,83.64,85.60,85.41,83.24,83.51,90.45,87.66,88.62,85.71,81.63,86.32,85.64,88.74,86.81,84.55,88.39,86.21,85.94,88.65,88.62,88.92,86.21,86.36,85.75,86.84,86.28,90.08,89.17,87.01,89.57,83.03,87.47,87.73,83.51,85.00,84.00,84.96,84.53,83.68,87.20,91.25,88.30,87.30,88.44,83.76,85.60,82.86,86.23,89.72,89.12,90.26,88.17,86.88,88.37,87.50,86.86,86.60,86.15,83.55,83.70,81.91,81.03,84.06,86.27,89.18,89.18,88.19,86.76,84.12,86.08,84.74,83.63,81.15,83.59,84.90,82.95,85.51,84.15,85.75,86.26,86.85,87.38,86.68,86.72,87.19,87.26,86.70,87.85,87.33,89.01,87.91,83.11,83.06,86.30,84.38,86.61,84.49,86.74,86.03,84.43,86.48,86.46,89.16,88.86,87.73,90.86,89.68,87.76,83.38,84.20,82.54,81.87,84.85,85.20,82.12,83.33,84.55,83.38,84.89,62.88,47.73,38.54,85.67,87.50,82.37,87.65,83.80,84.25,83.01,83.78,82.43,84.79,85.44,86.81,85.64,85.48,83.22,84.01,84.38,83.66,83.19,82.73,84.43,84.05,84.85,85.60,85.75,84.49,83.79,87.12,83.15,84.34,80.82,84.78,85.21,88.32,87.13,87.54,86.34,88.46,87.43,88.04,86.41,88.15,87.64,86.92,87.43,86.58,85.75,83.02,87.91,88.83,84.99,85.91,85.71,85.40,88.61,87.85,87.47,89.09,89.73,88.89,87.77,85.21,89.09,89.04,89.15,85.49,85.86,87.60,86.24,88.48,86.49,86.99,88.71,86.04,89.53,87.98,89.23,88.75,88.10,86.69,84.28,85.37,84.81,88.89,85.87,86.83,83.15,84.41,87.67,88.32,87.70,83.61,87.53,84.78,81.88,86.32,84.40,86.35,87.33,75.91,84.57,85.02,85.41,79.06,88.05,83.51,89.42,86.15,81.82,86.23,84.18,84.10,80.83,84.11,83.59,82.57,84.17,82.57,84.21,85.95,81.77,86.16,82.35,86.69,86.27,88.33,89.17,87.85,87.61,86.72,83.10,87.47,86.98,88.48,86.96,86.30,85.41,85.14,86.76,84.34,86.96,85.67,85.32,85.75,84.87,87.04,76.19,85.80,87.91,89.53,86.98,87.92,84.34,85.83,88.32,85.75,84.76,84.14,85.88,89.47,87.74,84.81,83.85,85.71,87.64,87.74,86.91,86.65,85.51,85.71,88.20,87.82,85.60,85.07,83.66,83.84,85.39,81.49,82.78,87.53,87.90,76.02,88.14,83.43,83.52,82.12,84.70,88.37,83.92,86.74,88.76,86.99,84.86,85.08,89.17,91.71,81.89,83.38,84.52,86.63,88.73,85.36,88.43,86.97,87.91,87.43,87.78,89.61,86.38,83.93,83.93,82.55,81.62,84.55,81.97,85.71,86.74,87.47,88.06,87.68,86.74,86.38,84.02,85.45,84.58,86.34,87.63,83.80,89.44,88.09,86.24,86.91,85.47,86.03,86.11,85.04,83.47,83.70,83.96,84.85,83.47,83.15,82.49,86.65,87.16,87.85,88.64,84.02,86.26,85.60,83.56,86.62,86.45,85.09,87.04,86.77,86.61,80.28,86.05,86.59,85.75,88.43,86.23,88.12,84.38,87.29,87.82,85.63,89.59,87.23,85.60,84.43,86.89,85.99,86.43,87.89,84.51,84.51,83.66,85.75,86.26,85.52,89.84,90.16,86.03,88.58,86.99,88.70,82.96,82.96,81.49,83.47,84.25,83.80,84.75,85.12,80.95,84.25,85.64,66.76,34.19,34.87,87.67,85.55,84.34,84.70,83.57,83.84,84.83,84.67,83.52,83.49,79.55,86.85,85.12,85.56,83.11,84.25,83.01,84.82,82.87,83.33,82.80,84.15,88.17,82.27,86.14,87.11,86.82,87.83,86.32,85.54,85.97,86.82,85.03,88.02,88.14,86.86,88.60,88.14,86.25,88.05,83.80,86.89,84.83,84.72,86.74,88.76,87.36,85.71,83.20,85.92,87.85,87.77,87.90,89.29,89.63,89.02,89.60,87.99,87.36,89.76,89.33,89.10,89.22,84.17,84.71,89.56,86.70,86.78,86.92,88.92,88.30,88.37,88.44,89.97,87.47,88.80,88.47,87.04,86.28,87.83,86.17,86.13,85.79,85.56,85.37,85.52,87.37,85.23,86.04,86.33,87.27,86.23,87.21,86.70,85.33,85.64,86.68,88.39,87.70,85.83,89.10,86.95,83.07,85.87,85.75,83.46,86.65,84.72,86.14,82.40,86.84,85.30,85.45,86.36,87.86,86.81,86.68,87.60,88.00,88.27,87.89,83.51,88.36,87.37,88.10,90.00,88.39,83.38,86.63,85.34,83.77,88.33,86.10,87.10,84.94,85.87,85.22,85.11,88.13,89.68,88.47,86.40,83.47,89.24,87.37,84.62,87.80,85.37,89.45,85.30,86.52,89.19,86.49,86.49,87.99,88.56,87.17,88.59,86.51,86.74,87.00,85.75,86.75,84.29,84.37,88.50,88.47,87.47,84.21,86.02,85.09,86.81,85.56,86.81,86.40,84.51,85.23,85.71,89.55,89.07,90.24,84.32,85.40,87.73,88.49,89.37,88.42,87.83,86.63,90.12,85.75,86.18,86.54,85.88,81.12,83.75,81.23,82.11,84.80,83.04,82.93,86.26,87.73,87.83,87.82,86.46,86.87,85.60,85.75,80.94,86.74,84.94,84.67,84.57,90.28,88.25,87.81,86.81,89.30,87.75,85.28,85.12,85.56,85.67,82.90,85.27,84.12,83.79,82.62,83.29,83.93,87.85,86.63,87.18,86.88,88.27,85.04,85.27,85.40,84.21,88.14,85.32,86.39,88.25,88.66,87.39,86.46,86.31,85.11,86.89,88.67,86.43,86.97,87.09,88.32,86.31,86.89,87.68,86.43,88.08,84.44,83.24,85.39,84.46,86.72,89.87,84.97,86.46,85.94,84.42,88.60,88.25,88.71,87.99,87.73,91.43,82.81,84.72,85.82,84.90,85.79,83.42,84.94,84.24,83.33,85.79</Value>
        <RawString>51.33,86.13,87.89,84.33,82.20,86.65,84.07,83.33,84.96,85.53,84.57,84.88,87.30,84.82,85.22,85.00,86.05,84.86,83.03,81.75,85.53,84.60,87.30,85.34,85.37,83.77,87.07,89.15,87.27,85.49,87.66,83.29,87.80,86.93,88.36,86.88,87.07,86.17,88.10,86.47,87.43,87.83,87.83,84.31,83.73,85.26,87.99,89.24,87.70,84.78,87.30,88.54,88.36,88.71,89.33,88.83,90.29,88.06,89.71,88.71,90.74,89.21,89.74,85.53,85.34,87.07,88.06,87.70,87.80,87.17,90.19,90.50,89.04,90.96,90.16,88.16,87.07,85.75,87.34,85.04,87.34,85.60,86.39,85.49,85.94,86.91,88.74,82.15,85.53,84.29,86.61,88.62,85.22,87.14,83.24,85.64,83.68,88.06,85.98,88.42,88.59,88.92,87.47,83.29,84.07,82.80,86.88,84.39,82.51,85.45,84.04,84.25,87.11,84.39,88.20,88.71,83.99,86.72,87.27,89.50,88.22,85.49,85.64,87.50,87.63,87.34,89.53,84.17,84.01,88.65,83.22,86.29,88.24,84.78,86.81,87.00,85.53,87.80,87.23,86.61,90.00,87.66,86.02,88.56,87.00,88.50,87.27,86.65,88.62,84.96,88.33,86.93,88.30,86.28,87.14,87.70,87.47,88.42,87.76,88.00,86.13,86.28,87.57,83.64,85.60,85.41,83.24,83.51,90.45,87.66,88.62,85.71,81.63,86.32,85.64,88.74,86.81,84.55,88.39,86.21,85.94,88.65,88.62,88.92,86.21,86.36,85.75,86.84,86.28,90.08,89.17,87.01,89.57,83.03,87.47,87.73,83.51,85.00,84.00,84.96,84.53,83.68,87.20,91.25,88.30,87.30,88.44,83.76,85.60,82.86,86.23,89.72,89.12,90.26,88.17,86.88,88.37,87.50,86.86,86.60,86.15,83.55,83.70,81.91,81.03,84.06,86.27,89.18,89.18,88.19,86.76,84.12,86.08,84.74,83.63,81.15,83.59,84.90,82.95,85.51,84.15,85.75,86.26,86.85,87.38,86.68,86.72,87.19,87.26,86.70,87.85,87.33,89.01,87.91,83.11,83.06,86.30,84.38,86.61,84.49,86.74,86.03,84.43,86.48,86.46,89.16,88.86,87.73,90.86,89.68,87.76,83.38,84.20,82.54,81.87,84.85,85.20,82.12,83.33,84.55,83.38,84.89,62.88,47.73,38.54,85.67,87.50,82.37,87.65,83.80,84.25,83.01,83.78,82.43,84.79,85.44,86.81,85.64,85.48,83.22,84.01,84.38,83.66,83.19,82.73,84.43,84.05,84.85,85.60,85.75,84.49,83.79,87.12,83.15,84.34,80.82,84.78,85.21,88.32,87.13,87.54,86.34,88.46,87.43,88.04,86.41,88.15,87.64,86.92,87.43,86.58,85.75,83.02,87.91,88.83,84.99,85.91,85.71,85.40,88.61,87.85,87.47,89.09,89.73,88.89,87.77,85.21,89.09,89.04,89.15,85.49,85.86,87.60,86.24,88.48,86.49,86.99,88.71,86.04,89.53,87.98,89.23,88.75,88.10,86.69,84.28,85.37,84.81,88.89,85.87,86.83,83.15,84.41,87.67,88.32,87.70,83.61,87.53,84.78,81.88,86.32,84.40,86.35,87.33,75.91,84.57,85.02,85.41,79.06,88.05,83.51,89.42,86.15,81.82,86.23,84.18,84.10,80.83,84.11,83.59,82.57,84.17,82.57,84.21,85.95,81.77,86.16,82.35,86.69,86.27,88.33,89.17,87.85,87.61,86.72,83.10,87.47,86.98,88.48,86.96,86.30,85.41,85.14,86.76,84.34,86.96,85.67,85.32,85.75,84.87,87.04,76.19,85.80,87.91,89.53,86.98,87.92,84.34,85.83,88.32,85.75,84.76,84.14,85.88,89.47,87.74,84.81,83.85,85.71,87.64,87.74,86.91,86.65,85.51,85.71,88.20,87.82,85.60,85.07,83.66,83.84,85.39,81.49,82.78,87.53,87.90,76.02,88.14,83.43,83.52,82.12,84.70,88.37,83.92,86.74,88.76,86.99,84.86,85.08,89.17,91.71,81.89,83.38,84.52,86.63,88.73,85.36,88.43,86.97,87.91,87.43,87.78,89.61,86.38,83.93,83.93,82.55,81.62,84.55,81.97,85.71,86.74,87.47,88.06,87.68,86.74,86.38,84.02,85.45,84.58,86.34,87.63,83.80,89.44,88.09,86.24,86.91,85.47,86.03,86.11,85.04,83.47,83.70,83.96,84.85,83.47,83.15,82.49,86.65,87.16,87.85,88.64,84.02,86.26,85.60,83.56,86.62,86.45,85.09,87.04,86.77,86.61,80.28,86.05,86.59,85.75,88.43,86.23,88.12,84.38,87.29,87.82,85.63,89.59,87.23,85.60,84.43,86.89,85.99,86.43,87.89,84.51,84.51,83.66,85.75,86.26,85.52,89.84,90.16,86.03,88.58,86.99,88.70,82.96,82.96,81.49,83.47,84.25,83.80,84.75,85.12,80.95,84.25,85.64,66.76,34.19,34.87,87.67,85.55,84.34,84.70,83.57,83.84,84.83,84.67,83.52,83.49,79.55,86.85,85.12,85.56,83.11,84.25,83.01,84.82,82.87,83.33,82.80,84.15,88.17,82.27,86.14,87.11,86.82,87.83,86.32,85.54,85.97,86.82,85.03,88.02,88.14,86.86,88.60,88.14,86.25,88.05,83.80,86.89,84.83,84.72,86.74,88.76,87.36,85.71,83.20,85.92,87.85,87.77,87.90,89.29,89.63,89.02,89.60,87.99,87.36,89.76,89.33,89.10,89.22,84.17,84.71,89.56,86.70,86.78,86.92,88.92,88.30,88.37,88.44,89.97,87.47,88.80,88.47,87.04,86.28,87.83,86.17,86.13,85.79,85.56,85.37,85.52,87.37,85.23,86.04,86.33,87.27,86.23,87.21,86.70,85.33,85.64,86.68,88.39,87.70,85.83,89.10,86.95,83.07,85.87,85.75,83.46,86.65,84.72,86.14,82.40,86.84,85.30,85.45,86.36,87.86,86.81,86.68,87.60,88.00,88.27,87.89,83.51,88.36,87.37,88.10,90.00,88.39,83.38,86.63,85.34,83.77,88.33,86.10,87.10,84.94,85.87,85.22,85.11,88.13,89.68,88.47,86.40,83.47,89.24,87.37,84.62,87.80,85.37,89.45,85.30,86.52,89.19,86.49,86.49,87.99,88.56,87.17,88.59,86.51,86.74,87.00,85.75,86.75,84.29,84.37,88.50,88.47,87.47,84.21,86.02,85.09,86.81,85.56,86.81,86.40,84.51,85.23,85.71,89.55,89.07,90.24,84.32,85.40,87.73,88.49,89.37,88.42,87.83,86.63,90.12,85.75,86.18,86.54,85.88,81.12,83.75,81.23,82.11,84.80,83.04,82.93,86.26,87.73,87.83,87.82,86.46,86.87,85.60,85.75,80.94,86.74,84.94,84.67,84.57,90.28,88.25,87.81,86.81,89.30,87.75,85.28,85.12,85.56,85.67,82.90,85.27,84.12,83.79,82.62,83.29,83.93,87.85,86.63,87.18,86.88,88.27,85.04,85.27,85.40,84.21,88.14,85.32,86.39,88.25,88.66,87.39,86.46,86.31,85.11,86.89,88.67,86.43,86.97,87.09,88.32,86.31,86.89,87.68,86.43,88.08,84.44,83.24,85.39,84.46,86.72,89.87,84.97,86.46,85.94,84.42,88.60,88.25,88.71,87.99,87.73,91.43,82.81,84.72,85.82,84.90,85.79,83.42,84.94,84.24,83.33,85.79</RawString>
      </Entry>
    </Data>
  </Result>
  <Result>
    <Identifier></Identifier>
    <Title>OpenArena</Title>
    <AppVersion>0.8.8</AppVersion>
    <Arguments>Drive Read Speed +set r_customWidth 1024 +set r_customHeight 768</Arguments>
    <Description>Drive Read Speed Monitor</Description>
    <Scale>MB/s</Scale>
    <Proportion>LIB</Proportion>
    <DisplayFormat>LINE_GRAPH</DisplayFormat>
    <Data>
      <Entry>
        <Identifier>openarena-150-exp-bfs-1</Identifier>
        <Value>0.00,0.00,0.00,0.00,0.00,0.00,0.00,0.00,0.00,0.00,0.00,0.00,0.00,0.00,0.00,0.00,0.00,0.00,0.00,0.00,0.00,0.00,0.00,0.00,0.00,0.00,0.00,0.00,0.00,0.00,0.00,0.00,0.00,0.00,0.00,0.00,0.00,0.00,0.00,0.00,0.00,0.00,0.00,0.00,0.00,0.00,0.00,0.00,0.00,0.00,0.00,0.00,0.00,0.00,0.00,0.00,0.00,0.00,0.00,0.00,0.00,0.00,0.00,0.00,0.00,0.00,0.00,0.00,0.00,0.00,0.00,0.00,0.00,0.00,0.00,0.00,0.00,0.00,0.00,0.00,0.00,0.00,0.00,0.00,0.00,0.00,0.00,0.00,0.00,0.00,0.00,0.00,0.00,0.00,0.00,0.00,0.00,0.00,0.00,0.00,0.00,0.00,0.00,0.00,0.00,0.00,0.00,0.00,0.00,0.00,0.00,0.00,0.00,0.00,0.00,0.00,0.00,0.00,0.00,0.00,0.00,0.00,0.00,0.00,0.00,0.00,0.00,0.00,0.00,0.00,0.00,0.00,0.00,0.00,0.00,0.00,0.00,0.00,0.00,0.00,0.00,0.00,0.00,0.00,0.00,0.00,0.00,0.00,0.00,0.00,0.00,0.00,0.00,0.00,0.00,0.00,0.00,0.00,0.00,0.00,0.00,0.00,0.00,0.00,0.00,0.00,0.00,0.00,0.00,0.00,0.00,0.00,0.00,0.00,0.00,0.00,0.00,0.00,0.00,0.00,0.00,0.00,0.00,0.00,0.00,0.00,0.00,0.00,0.00,0.00,0.00,0.00,0.00,0.00,0.00,0.00,0.00,0.00,0.00,0.00,0.00,0.00,0.00,0.00,0.00,0.00,0.00,0.00,0.00,0.00,0.00,0.00,0.00,0.00,0.00,0.00,0.00,0.00,0.00,0.00,0.00,0.00,0.00,0.00,0.00,0.00,0.00,0.00,0.00,0.00,0.00,0.00,0.00,0.00,0.00,0.00,0.00,0.00,0.00,0.00,0.00,0.00,0.00,0.00,0.00,0.00,0.00,0.00,0.00,0.00,0.00,0.00,0.00,0.00,0.00,0.00,0.00,0.00,0.00,0.00,0.00,0.00,0.00,0.00,0.00,0.00,0.00,0.00,0.00,0.00,0.00,0.00,0.00,0.00,0.00,0.00,0.00,0.00,0.00,0.00,0.00,0.00,0.00,0.00,0.00,0.00,0.00,0.00,0.00,0.00,0.00,0.00,0.00,0.00,0.00,0.00,0.00,0.00,0.00,0.00,0.00,0.00,0.00,0.00,0.00,0.00,0.00,0.00,0.00,0.00,0.00,0.00,0.00,0.00,0.00,0.00,0.00,0.00,0.00,0.00,0.00,0.00,0.00,0.00,0.00,0.00,0.00,0.00,0.00,0.00,0.00,0.00,0.00,0.00,0.00,0.00,0.00,0.00,0.00,0.00,0.00,0.00,0.00,0.00,0.00,0.00,0.00,0.00,0.00,0.00,0.00,0.00,0.00,0.00,0.00,0.00,0.00,0.00,0.00,0.00,0.00,0.00,0.00,0.00,0.00,0.00,0.00,0.00,0.00,0.00,0.00,0.00,0.00,0.00,0.00,0.00,0.00,0.00,0.00,0.00,0.00,0.00,0.00,0.00,0.00,0.00,0.00,0.00,0.00,0.00,0.00,0.00,0.00,0.00,0.00,0.00,0.00,0.00,0.00,0.00,0.00,0.00,0.00,0.00,0.00,0.00,0.00,0.00,0.00,0.00,0.00,0.00,0.00,0.00,0.00,0.00,0.00,0.00,0.00,0.00,0.00,0.00,0.00,0.00,0.00,0.00,0.00,0.00,0.00,0.00,0.00,0.00,0.00,0.00,0.00,0.00,0.00,0.00,0.00,0.00,0.00,0.00,0.00,0.00,0.00,0.00,0.00,0.00,0.00,0.00,0.00,0.00,0.00,0.00,0.17,0.00,0.00,0.00,0.00,0.00,0.00,0.00,0.00,0.00,0.00,0.00,0.00,0.00,0.00,0.00,0.00,0.00,0.00,0.00,0.00,0.00,0.00,0.00,0.00,0.00,0.00,0.00,0.00,0.00,0.00,0.00,0.00,0.00,0.00,0.00,0.00,0.00,0.00,0.00,0.00,0.00,0.00,0.00,0.00,0.00,0.00,0.00,0.00,0.00,0.00,0.00,0.00,0.00,0.00,0.00,0.00,0.00,0.00,0.00,0.00,0.00,0.00,0.00,0.00,0.00,0.00,0.00,0.00,0.00,0.00,0.00,0.00,0.00,0.00,0.00,0.00,0.00,0.00,0.00,0.00,0.00,0.00,0.00,0.00,0.00,0.00,0.00,0.00,0.00,0.00,0.00,0.00,0.00,0.00,0.00,0.00,0.00,0.00,0.00,0.00,0.00,0.00,0.00,0.00,0.00,0.00,0.00,0.00,0.00,0.00,0.00,0.00,0.00,0.00,0.00,0.00,0.00,0.00,0.00,0.00,0.00,0.00,0.00,0.00,0.00,0.00,0.00,0.00,0.00,0.00,0.00,0.00,0.00,0.00,0.00,0.00,0.00,0.00,0.00,0.00,0.00,0.00,0.00,0.00,0.00,0.00,0.00,0.00,0.00,0.00,0.00,0.00,0.00,0.00,0.00,0.00,0.00,0.00,0.00,0.00,0.00,0.00,0.00,0.00,0.00,0.00,0.00,0.00,0.00,0.00,0.00,0.00,0.00,0.00,0.00,0.00,0.00,0.00,0.00,0.00,0.00,0.00,0.00,0.00,0.00,0.00,0.00,0.00,0.00,0.00,0.00,0.00,0.00,0.00,0.00,0.00,0.00,0.00,0.00,0.00,0.00,0.00,0.00,0.00,0.00,0.00,0.00,0.00,0.00,0.00,0.00,0.00,0.00,0.00,0.00,0.00,0.00,0.00,0.00,0.00,0.00,0.00,0.00,0.00,0.00,0.00,0.00,0.00,0.00,0.00,0.00,0.00,0.00,0.00,0.00,0.00,0.00,0.00,0.00,0.00,0.00,0.00,0.00,0.00,0.00,0.00,0.00,0.00,0.00,0.00,0.00,0.00,0.00,0.00,0.00,0.00,0.00,0.00,0.00,0.00,0.00,0.00,0.00,0.00,0.00,0.00,0.00,0.00,0.00,0.00,0.00,0.00,0.00,0.00,0.00,0.00,0.00,0.00,0.00,0.00,0.00,0.00,0.00,0.00,0.00,0.00,0.00,0.00,0.00,0.00,0.00,0.00,0.00,0.00,0.00,0.00,0.00,0.00,0.00,0.00,0.00,0.00,0.00,0.00,0.00,0.00,0.00,0.00,0.00,0.00,0.00,0.00,0.00,0.00,0.00,0.00,0.00,0.00,0.00,0.00,0.00,0.00,0.00,0.00,0.00,0.00,0.00,0.00,0.00,0.00,0.00,0.00,0.00,0.00,0.00,0.00,0.00,0.00,0.00,0.00,0.00,0.00,0.00,0.00,0.00,0.00,0.00,0.00,0.00,0.00,0.00,0.00,0.00,0.00,0.00,0.00,0.00,0.00,0.00,0.00,0.00,0.00,0.00,0.00,0.00,0.00,0.00,0.00,0.00,0.00,0.00,0.00,0.00,0.00,0.00,0.00,0.00,0.00,0.00,0.00,0.00,0.00,0.00,0.00,0.00,0.00,0.00,0.00,0.00,0.00,0.00,0.00,0.00,0.00,0.00,0.00,0.00,0.00,0.00,0.00,0.00,0.00,0.00,0.00,0.00,0.00,0.00,0.00,0.00,0.00,0.00,0.00,0.00,0.00,0.00,0.00,0.00,0.00</Value>
        <RawString>0.00,0.00,0.00,0.00,0.00,0.00,0.00,0.00,0.00,0.00,0.00,0.00,0.00,0.00,0.00,0.00,0.00,0.00,0.00,0.00,0.00,0.00,0.00,0.00,0.00,0.00,0.00,0.00,0.00,0.00,0.00,0.00,0.00,0.00,0.00,0.00,0.00,0.00,0.00,0.00,0.00,0.00,0.00,0.00,0.00,0.00,0.00,0.00,0.00,0.00,0.00,0.00,0.00,0.00,0.00,0.00,0.00,0.00,0.00,0.00,0.00,0.00,0.00,0.00,0.00,0.00,0.00,0.00,0.00,0.00,0.00,0.00,0.00,0.00,0.00,0.00,0.00,0.00,0.00,0.00,0.00,0.00,0.00,0.00,0.00,0.00,0.00,0.00,0.00,0.00,0.00,0.00,0.00,0.00,0.00,0.00,0.00,0.00,0.00,0.00,0.00,0.00,0.00,0.00,0.00,0.00,0.00,0.00,0.00,0.00,0.00,0.00,0.00,0.00,0.00,0.00,0.00,0.00,0.00,0.00,0.00,0.00,0.00,0.00,0.00,0.00,0.00,0.00,0.00,0.00,0.00,0.00,0.00,0.00,0.00,0.00,0.00,0.00,0.00,0.00,0.00,0.00,0.00,0.00,0.00,0.00,0.00,0.00,0.00,0.00,0.00,0.00,0.00,0.00,0.00,0.00,0.00,0.00,0.00,0.00,0.00,0.00,0.00,0.00,0.00,0.00,0.00,0.00,0.00,0.00,0.00,0.00,0.00,0.00,0.00,0.00,0.00,0.00,0.00,0.00,0.00,0.00,0.00,0.00,0.00,0.00,0.00,0.00,0.00,0.00,0.00,0.00,0.00,0.00,0.00,0.00,0.00,0.00,0.00,0.00,0.00,0.00,0.00,0.00,0.00,0.00,0.00,0.00,0.00,0.00,0.00,0.00,0.00,0.00,0.00,0.00,0.00,0.00,0.00,0.00,0.00,0.00,0.00,0.00,0.00,0.00,0.00,0.00,0.00,0.00,0.00,0.00,0.00,0.00,0.00,0.00,0.00,0.00,0.00,0.00,0.00,0.00,0.00,0.00,0.00,0.00,0.00,0.00,0.00,0.00,0.00,0.00,0.00,0.00,0.00,0.00,0.00,0.00,0.00,0.00,0.00,0.00,0.00,0.00,0.00,0.00,0.00,0.00,0.00,0.00,0.00,0.00,0.00,0.00,0.00,0.00,0.00,0.00,0.00,0.00,0.00,0.00,0.00,0.00,0.00,0.00,0.00,0.00,0.00,0.00,0.00,0.00,0.00,0.00,0.00,0.00,0.00,0.00,0.00,0.00,0.00,0.00,0.00,0.00,0.00,0.00,0.00,0.00,0.00,0.00,0.00,0.00,0.00,0.00,0.00,0.00,0.00,0.00,0.00,0.00,0.00,0.00,0.00,0.00,0.00,0.00,0.00,0.00,0.00,0.00,0.00,0.00,0.00,0.00,0.00,0.00,0.00,0.00,0.00,0.00,0.00,0.00,0.00,0.00,0.00,0.00,0.00,0.00,0.00,0.00,0.00,0.00,0.00,0.00,0.00,0.00,0.00,0.00,0.00,0.00,0.00,0.00,0.00,0.00,0.00,0.00,0.00,0.00,0.00,0.00,0.00,0.00,0.00,0.00,0.00,0.00,0.00,0.00,0.00,0.00,0.00,0.00,0.00,0.00,0.00,0.00,0.00,0.00,0.00,0.00,0.00,0.00,0.00,0.00,0.00,0.00,0.00,0.00,0.00,0.00,0.00,0.00,0.00,0.00,0.00,0.00,0.00,0.00,0.00,0.00,0.00,0.00,0.00,0.00,0.00,0.00,0.00,0.00,0.00,0.00,0.00,0.00,0.00,0.00,0.00,0.00,0.00,0.00,0.00,0.00,0.00,0.00,0.00,0.00,0.00,0.00,0.00,0.00,0.00,0.00,0.00,0.00,0.00,0.00,0.00,0.00,0.00,0.00,0.00,0.00,0.00,0.00,0.00,0.00,0.17,0.00,0.00,0.00,0.00,0.00,0.00,0.00,0.00,0.00,0.00,0.00,0.00,0.00,0.00,0.00,0.00,0.00,0.00,0.00,0.00,0.00,0.00,0.00,0.00,0.00,0.00,0.00,0.00,0.00,0.00,0.00,0.00,0.00,0.00,0.00,0.00,0.00,0.00,0.00,0.00,0.00,0.00,0.00,0.00,0.00,0.00,0.00,0.00,0.00,0.00,0.00,0.00,0.00,0.00,0.00,0.00,0.00,0.00,0.00,0.00,0.00,0.00,0.00,0.00,0.00,0.00,0.00,0.00,0.00,0.00,0.00,0.00,0.00,0.00,0.00,0.00,0.00,0.00,0.00,0.00,0.00,0.00,0.00,0.00,0.00,0.00,0.00,0.00,0.00,0.00,0.00,0.00,0.00,0.00,0.00,0.00,0.00,0.00,0.00,0.00,0.00,0.00,0.00,0.00,0.00,0.00,0.00,0.00,0.00,0.00,0.00,0.00,0.00,0.00,0.00,0.00,0.00,0.00,0.00,0.00,0.00,0.00,0.00,0.00,0.00,0.00,0.00,0.00,0.00,0.00,0.00,0.00,0.00,0.00,0.00,0.00,0.00,0.00,0.00,0.00,0.00,0.00,0.00,0.00,0.00,0.00,0.00,0.00,0.00,0.00,0.00,0.00,0.00,0.00,0.00,0.00,0.00,0.00,0.00,0.00,0.00,0.00,0.00,0.00,0.00,0.00,0.00,0.00,0.00,0.00,0.00,0.00,0.00,0.00,0.00,0.00,0.00,0.00,0.00,0.00,0.00,0.00,0.00,0.00,0.00,0.00,0.00,0.00,0.00,0.00,0.00,0.00,0.00,0.00,0.00,0.00,0.00,0.00,0.00,0.00,0.00,0.00,0.00,0.00,0.00,0.00,0.00,0.00,0.00,0.00,0.00,0.00,0.00,0.00,0.00,0.00,0.00,0.00,0.00,0.00,0.00,0.00,0.00,0.00,0.00,0.00,0.00,0.00,0.00,0.00,0.00,0.00,0.00,0.00,0.00,0.00,0.00,0.00,0.00,0.00,0.00,0.00,0.00,0.00,0.00,0.00,0.00,0.00,0.00,0.00,0.00,0.00,0.00,0.00,0.00,0.00,0.00,0.00,0.00,0.00,0.00,0.00,0.00,0.00,0.00,0.00,0.00,0.00,0.00,0.00,0.00,0.00,0.00,0.00,0.00,0.00,0.00,0.00,0.00,0.00,0.00,0.00,0.00,0.00,0.00,0.00,0.00,0.00,0.00,0.00,0.00,0.00,0.00,0.00,0.00,0.00,0.00,0.00,0.00,0.00,0.00,0.00,0.00,0.00,0.00,0.00,0.00,0.00,0.00,0.00,0.00,0.00,0.00,0.00,0.00,0.00,0.00,0.00,0.00,0.00,0.00,0.00,0.00,0.00,0.00,0.00,0.00,0.00,0.00,0.00,0.00,0.00,0.00,0.00,0.00,0.00,0.00,0.00,0.00,0.00,0.00,0.00,0.00,0.00,0.00,0.00,0.00,0.00,0.00,0.00,0.00,0.00,0.00,0.00,0.00,0.00,0.00,0.00,0.00,0.00,0.00,0.00,0.00,0.00,0.00,0.00,0.00,0.00,0.00,0.00,0.00,0.00,0.00,0.00,0.00,0.00,0.00,0.00,0.00,0.00,0.00,0.00,0.00,0.00,0.00,0.00,0.00,0.00,0.00,0.00,0.00,0.00,0.00,0.00,0.00,0.00,0.00,0.00,0.00,0.00,0.00,0.00,0.00,0.00,0.00,0.00,0.00,0.00,0.00,0.00,0.00,0.00,0.00,0.00,0.00,0.00,0.00,0.00</RawString>
      </Entry>
    </Data>
  </Result>
  <Result>
    <Identifier></Identifier>
    <Title>OpenArena</Title>
    <AppVersion>0.8.8</AppVersion>
    <Arguments>Drive Write Speed +set r_customWidth 1024 +set r_customHeight 768</Arguments>
    <Description>Drive Write Speed Monitor</Description>
    <Scale>MB/s</Scale>
    <Proportion>LIB</Proportion>
    <DisplayFormat>LINE_GRAPH</DisplayFormat>
    <Data>
      <Entry>
        <Identifier>openarena-150-exp-bfs-1</Identifier>
        <Value>0.00,0.00,0.00,0.00,0.00,0.10,0.00,0.00,0.00,0.00,0.00,0.00,0.00,0.00,0.00,0.00,0.00,0.00,0.00,0.00,0.00,0.00,0.00,0.00,0.00,0.00,0.00,0.00,0.00,0.00,0.00,0.00,0.00,0.00,0.00,0.00,0.00,0.00,0.00,0.00,0.00,0.00,0.00,0.00,0.00,0.00,0.00,0.00,0.00,0.00,0.00,0.00,0.00,0.00,0.00,0.00,0.00,0.00,0.00,0.00,0.00,0.00,0.00,0.00,0.00,0.00,0.00,0.00,0.00,0.00,0.00,0.00,0.00,0.00,0.00,0.00,0.00,0.00,0.00,0.00,0.00,0.00,0.00,0.00,0.00,0.00,0.00,0.00,0.00,0.00,0.00,0.00,0.00,0.00,0.00,0.00,0.00,0.00,0.00,0.00,0.00,0.00,0.00,0.00,0.00,0.00,0.00,0.00,0.00,0.00,0.00,0.00,0.00,0.00,0.00,0.00,0.00,0.00,0.00,0.00,0.00,0.00,0.00,0.00,0.00,0.00,0.00,0.00,0.00,0.00,0.00,0.00,0.00,0.00,0.00,0.00,0.00,0.00,0.00,0.00,0.00,0.00,0.00,0.00,31.25,0.00,7.25,0.00,0.00,0.00,0.00,0.26,0.00,0.00,0.00,0.00,0.00,0.00,0.00,0.00,0.00,0.00,0.00,0.00,0.00,0.00,0.00,0.00,0.00,0.00,0.00,0.00,0.00,0.00,0.00,0.00,0.00,0.00,0.00,0.00,0.00,0.00,0.00,0.00,0.00,0.00,0.00,0.00,0.00,0.00,0.00,0.00,0.00,0.00,0.00,0.00,0.00,0.00,0.00,0.00,0.00,0.00,0.00,0.00,0.00,0.00,0.00,0.00,0.00,0.00,0.00,0.00,0.00,0.00,0.00,0.00,0.00,0.00,0.00,0.00,0.00,0.00,0.00,0.00,0.00,0.00,0.00,0.00,0.00,0.00,0.00,0.00,0.00,0.00,0.00,0.00,0.00,0.00,0.00,0.00,0.00,0.00,0.00,0.00,0.00,0.00,0.00,0.00,0.00,0.00,0.00,0.00,0.00,0.00,0.00,0.00,0.00,0.00,0.00,0.00,0.00,0.00,0.00,0.00,0.00,0.00,0.00,0.00,0.00,0.00,0.00,0.00,0.00,0.00,0.00,0.00,0.00,0.00,0.00,0.00,0.00,0.00,0.00,0.00,0.00,0.00,0.00,0.00,0.00,0.00,0.00,0.00,0.00,0.00,0.00,0.37,0.00,0.00,0.00,0.00,0.00,0.00,0.00,0.00,0.00,0.00,0.00,0.00,0.00,0.00,7.81,0.00,0.00,0.30,0.00,0.00,0.00,0.00,0.33,0.00,0.00,0.00,0.00,0.00,0.00,0.00,0.00,0.00,0.00,0.00,0.00,0.00,0.00,23.44,0.00,0.00,0.00,0.00,0.00,0.00,0.00,0.00,0.00,0.00,0.00,0.00,0.00,0.00,0.00,0.00,0.00,0.00,0.00,0.00,0.00,0.00,0.00,0.00,0.00,0.00,0.00,0.00,0.00,0.00,0.00,0.00,0.00,0.00,0.00,0.00,0.00,0.00,0.00,0.00,0.00,0.00,0.00,0.00,0.00,0.00,0.00,0.00,0.00,0.00,0.00,0.31,0.00,0.00,0.00,0.00,0.00,0.00,0.00,0.00,0.00,0.00,0.00,0.00,0.00,0.00,0.00,0.00,0.00,0.00,0.00,0.00,0.00,0.00,0.00,0.00,0.00,0.00,0.00,0.00,0.00,0.00,0.00,0.00,0.00,0.00,0.00,0.00,0.00,0.00,0.00,0.00,0.00,0.00,0.00,0.00,0.00,0.00,0.00,0.00,0.00,0.00,0.00,19.53,0.00,0.00,0.98,0.00,0.00,0.00,0.00,0.00,0.00,0.00,0.00,0.00,0.00,0.00,0.00,0.00,0.00,0.00,0.00,0.00,0.00,0.00,0.00,0.00,0.00,0.00,0.00,0.00,0.00,0.00,0.00,0.00,0.00,0.00,0.00,0.00,0.00,0.00,0.00,0.00,0.00,0.00,0.00,0.00,0.33,0.00,0.00,0.00,0.00,0.00,0.00,0.00,0.00,0.00,0.00,0.00,0.00,0.00,0.00,0.00,0.00,0.00,0.00,0.00,0.00,0.00,0.00,0.00,0.00,0.00,0.00,0.00,0.00,0.00,0.00,0.00,0.00,0.00,0.00,0.00,0.00,0.00,0.00,0.00,0.00,0.00,0.00,0.00,0.00,0.00,0.00,0.00,0.00,0.00,0.00,0.00,0.00,0.00,0.00,0.00,0.00,0.00,0.00,0.00,0.00,0.00,4.46,0.00,0.00,0.00,0.00,0.00,0.00,0.00,0.00,0.00,0.00,0.00,0.00,0.00,0.00,0.00,0.00,0.00,0.00,0.00,0.00,0.00,0.00,0.00,0.00,0.00,0.00,0.00,0.00,0.00,0.00,0.00,0.00,0.00,0.00,0.00,0.00,0.00,0.00,0.00,0.00,0.00,0.00,0.00,0.00,0.00,0.00,0.00,0.00,0.00,0.00,0.00,0.14,0.00,0.00,0.00,0.00,0.00,1.60,0.00,0.00,0.00,0.00,0.29,0.00,0.00,0.00,0.00,0.00,0.00,0.00,0.00,0.00,0.00,0.00,0.00,0.00,0.00,0.00,0.00,0.00,0.00,0.00,0.00,0.00,0.00,0.00,0.00,0.00,0.00,0.00,0.00,0.00,0.00,0.00,0.00,0.00,0.00,0.00,0.00,0.00,0.00,0.00,0.00,0.00,0.00,0.00,0.29,0.00,0.00,0.00,0.00,0.00,0.00,0.00,0.00,0.00,0.00,0.00,0.00,0.00,0.00,0.00,0.00,0.00,0.00,0.00,0.00,0.00,0.00,0.00,0.00,0.00,0.00,0.00,0.00,0.00,0.00,0.00,0.00,0.00,0.00,0.00,0.00,0.00,0.00,0.00,0.00,0.00,0.00,0.00,0.00,0.00,0.00,0.00,0.00,0.00,0.00,0.00,0.00,0.00,0.00,0.00,0.00,35.16,0.00,0.00,0.00,0.00,0.00,0.00,0.00,0.00,0.00,0.00,0.00,0.00,0.00,0.00,0.00,0.00,0.00,0.00,0.00,0.00,0.00,0.00,0.00,0.00,0.00,0.00,0.00,0.00,0.00,0.00,0.00,0.00,0.00,0.00,0.00,5.21,0.00,0.00,0.00,0.00,0.00,0.00,0.00,0.00,0.00,0.00,0.00,0.00,0.00,0.00,0.00,0.00,0.00,0.00,0.00,0.00,0.00,0.00,0.00,0.00,0.00,0.00,0.00,0.00,0.00,0.00,0.00,0.00,0.00,0.00,0.00,0.00,0.00,0.00,0.00,0.00,0.00,0.00,0.00,0.00,0.00,0.00,0.00,0.00,0.00,0.00,0.00,0.00,0.00,0.00,0.00,0.00,0.00,0.00,0.00,0.00,0.00,0.00,0.00,0.00,0.00,0.00,0.00,0.00,0.00,0.00,0.00,0.00,0.00,0.26,0.00,0.00,0.00,0.00,0.00,0.00,0.00,0.00,0.00,0.00,0.00,0.00,0.00,0.00,0.00,0.00,0.00,0.00,0.00,0.00,0.00,0.00,0.00,0.00,0.00,0.00,0.00,0.00,0.00,0.00,0.00,0.00,0.00,0.00,0.00,0.00,0.00,0.00,0.00,0.00,0.00,0.00,0.00,0.00,0.00,0.00,0.00,0.00,0.00,0.00,0.00,0.00,0.00,0.00</Value>
        <RawString>0.00,0.00,0.00,0.00,0.00,0.10,0.00,0.00,0.00,0.00,0.00,0.00,0.00,0.00,0.00,0.00,0.00,0.00,0.00,0.00,0.00,0.00,0.00,0.00,0.00,0.00,0.00,0.00,0.00,0.00,0.00,0.00,0.00,0.00,0.00,0.00,0.00,0.00,0.00,0.00,0.00,0.00,0.00,0.00,0.00,0.00,0.00,0.00,0.00,0.00,0.00,0.00,0.00,0.00,0.00,0.00,0.00,0.00,0.00,0.00,0.00,0.00,0.00,0.00,0.00,0.00,0.00,0.00,0.00,0.00,0.00,0.00,0.00,0.00,0.00,0.00,0.00,0.00,0.00,0.00,0.00,0.00,0.00,0.00,0.00,0.00,0.00,0.00,0.00,0.00,0.00,0.00,0.00,0.00,0.00,0.00,0.00,0.00,0.00,0.00,0.00,0.00,0.00,0.00,0.00,0.00,0.00,0.00,0.00,0.00,0.00,0.00,0.00,0.00,0.00,0.00,0.00,0.00,0.00,0.00,0.00,0.00,0.00,0.00,0.00,0.00,0.00,0.00,0.00,0.00,0.00,0.00,0.00,0.00,0.00,0.00,0.00,0.00,0.00,0.00,0.00,0.00,0.00,0.00,31.25,0.00,7.25,0.00,0.00,0.00,0.00,0.26,0.00,0.00,0.00,0.00,0.00,0.00,0.00,0.00,0.00,0.00,0.00,0.00,0.00,0.00,0.00,0.00,0.00,0.00,0.00,0.00,0.00,0.00,0.00,0.00,0.00,0.00,0.00,0.00,0.00,0.00,0.00,0.00,0.00,0.00,0.00,0.00,0.00,0.00,0.00,0.00,0.00,0.00,0.00,0.00,0.00,0.00,0.00,0.00,0.00,0.00,0.00,0.00,0.00,0.00,0.00,0.00,0.00,0.00,0.00,0.00,0.00,0.00,0.00,0.00,0.00,0.00,0.00,0.00,0.00,0.00,0.00,0.00,0.00,0.00,0.00,0.00,0.00,0.00,0.00,0.00,0.00,0.00,0.00,0.00,0.00,0.00,0.00,0.00,0.00,0.00,0.00,0.00,0.00,0.00,0.00,0.00,0.00,0.00,0.00,0.00,0.00,0.00,0.00,0.00,0.00,0.00,0.00,0.00,0.00,0.00,0.00,0.00,0.00,0.00,0.00,0.00,0.00,0.00,0.00,0.00,0.00,0.00,0.00,0.00,0.00,0.00,0.00,0.00,0.00,0.00,0.00,0.00,0.00,0.00,0.00,0.00,0.00,0.00,0.00,0.00,0.00,0.00,0.00,0.37,0.00,0.00,0.00,0.00,0.00,0.00,0.00,0.00,0.00,0.00,0.00,0.00,0.00,0.00,7.81,0.00,0.00,0.30,0.00,0.00,0.00,0.00,0.33,0.00,0.00,0.00,0.00,0.00,0.00,0.00,0.00,0.00,0.00,0.00,0.00,0.00,0.00,23.44,0.00,0.00,0.00,0.00,0.00,0.00,0.00,0.00,0.00,0.00,0.00,0.00,0.00,0.00,0.00,0.00,0.00,0.00,0.00,0.00,0.00,0.00,0.00,0.00,0.00,0.00,0.00,0.00,0.00,0.00,0.00,0.00,0.00,0.00,0.00,0.00,0.00,0.00,0.00,0.00,0.00,0.00,0.00,0.00,0.00,0.00,0.00,0.00,0.00,0.00,0.00,0.31,0.00,0.00,0.00,0.00,0.00,0.00,0.00,0.00,0.00,0.00,0.00,0.00,0.00,0.00,0.00,0.00,0.00,0.00,0.00,0.00,0.00,0.00,0.00,0.00,0.00,0.00,0.00,0.00,0.00,0.00,0.00,0.00,0.00,0.00,0.00,0.00,0.00,0.00,0.00,0.00,0.00,0.00,0.00,0.00,0.00,0.00,0.00,0.00,0.00,0.00,0.00,19.53,0.00,0.00,0.98,0.00,0.00,0.00,0.00,0.00,0.00,0.00,0.00,0.00,0.00,0.00,0.00,0.00,0.00,0.00,0.00,0.00,0.00,0.00,0.00,0.00,0.00,0.00,0.00,0.00,0.00,0.00,0.00,0.00,0.00,0.00,0.00,0.00,0.00,0.00,0.00,0.00,0.00,0.00,0.00,0.00,0.33,0.00,0.00,0.00,0.00,0.00,0.00,0.00,0.00,0.00,0.00,0.00,0.00,0.00,0.00,0.00,0.00,0.00,0.00,0.00,0.00,0.00,0.00,0.00,0.00,0.00,0.00,0.00,0.00,0.00,0.00,0.00,0.00,0.00,0.00,0.00,0.00,0.00,0.00,0.00,0.00,0.00,0.00,0.00,0.00,0.00,0.00,0.00,0.00,0.00,0.00,0.00,0.00,0.00,0.00,0.00,0.00,0.00,0.00,0.00,0.00,0.00,4.46,0.00,0.00,0.00,0.00,0.00,0.00,0.00,0.00,0.00,0.00,0.00,0.00,0.00,0.00,0.00,0.00,0.00,0.00,0.00,0.00,0.00,0.00,0.00,0.00,0.00,0.00,0.00,0.00,0.00,0.00,0.00,0.00,0.00,0.00,0.00,0.00,0.00,0.00,0.00,0.00,0.00,0.00,0.00,0.00,0.00,0.00,0.00,0.00,0.00,0.00,0.00,0.14,0.00,0.00,0.00,0.00,0.00,1.60,0.00,0.00,0.00,0.00,0.29,0.00,0.00,0.00,0.00,0.00,0.00,0.00,0.00,0.00,0.00,0.00,0.00,0.00,0.00,0.00,0.00,0.00,0.00,0.00,0.00,0.00,0.00,0.00,0.00,0.00,0.00,0.00,0.00,0.00,0.00,0.00,0.00,0.00,0.00,0.00,0.00,0.00,0.00,0.00,0.00,0.00,0.00,0.00,0.29,0.00,0.00,0.00,0.00,0.00,0.00,0.00,0.00,0.00,0.00,0.00,0.00,0.00,0.00,0.00,0.00,0.00,0.00,0.00,0.00,0.00,0.00,0.00,0.00,0.00,0.00,0.00,0.00,0.00,0.00,0.00,0.00,0.00,0.00,0.00,0.00,0.00,0.00,0.00,0.00,0.00,0.00,0.00,0.00,0.00,0.00,0.00,0.00,0.00,0.00,0.00,0.00,0.00,0.00,0.00,0.00,35.16,0.00,0.00,0.00,0.00,0.00,0.00,0.00,0.00,0.00,0.00,0.00,0.00,0.00,0.00,0.00,0.00,0.00,0.00,0.00,0.00,0.00,0.00,0.00,0.00,0.00,0.00,0.00,0.00,0.00,0.00,0.00,0.00,0.00,0.00,0.00,5.21,0.00,0.00,0.00,0.00,0.00,0.00,0.00,0.00,0.00,0.00,0.00,0.00,0.00,0.00,0.00,0.00,0.00,0.00,0.00,0.00,0.00,0.00,0.00,0.00,0.00,0.00,0.00,0.00,0.00,0.00,0.00,0.00,0.00,0.00,0.00,0.00,0.00,0.00,0.00,0.00,0.00,0.00,0.00,0.00,0.00,0.00,0.00,0.00,0.00,0.00,0.00,0.00,0.00,0.00,0.00,0.00,0.00,0.00,0.00,0.00,0.00,0.00,0.00,0.00,0.00,0.00,0.00,0.00,0.00,0.00,0.00,0.00,0.00,0.26,0.00,0.00,0.00,0.00,0.00,0.00,0.00,0.00,0.00,0.00,0.00,0.00,0.00,0.00,0.00,0.00,0.00,0.00,0.00,0.00,0.00,0.00,0.00,0.00,0.00,0.00,0.00,0.00,0.00,0.00,0.00,0.00,0.00,0.00,0.00,0.00,0.00,0.00,0.00,0.00,0.00,0.00,0.00,0.00,0.00,0.00,0.00,0.00,0.00,0.00,0.00,0.00,0.00,0.00</RawString>
      </Entry>
    </Data>
  </Result>
  <Result>
    <Identifier></Identifier>
    <Title>OpenArena</Title>
    <AppVersion>0.8.8</AppVersion>
    <Arguments>Memory Usage +set r_customWidth 1024 +set r_customHeight 768</Arguments>
    <Description>Memory Usage Monitor</Description>
    <Scale>Megabytes</Scale>
    <Proportion>LIB</Proportion>
    <DisplayFormat>LINE_GRAPH</DisplayFormat>
    <Data>
      <Entry>
        <Identifier>openarena-150-exp-bfs-1</Identifier>
        <Value>265,265,265,265,265,265,265,265,265,265,265,265,265,265,265,265,265,265,265,265,265,265,265,266,265,266,265,265,266,265,265,265,265,265,265,265,266,266,265,265,265,265,265,265,265,265,266,266,266,266,265,265,266,266,266,266,266,265,266,266,266,266,265,266,266,266,266,266,266,266,266,266,266,266,265,265,266,266,266,266,266,266,266,266,266,266,266,266,266,266,266,266,266,266,266,266,266,265,266,266,266,266,266,266,266,266,266,266,266,266,266,266,266,266,266,266,266,266,266,266,266,266,266,266,266,266,266,266,266,266,267,266,266,266,267,266,266,266,266,266,267,266,266,267,266,267,267,266,266,266,267,266,267,266,267,267,266,267,267,267,266,266,267,266,267,266,266,266,266,266,267,266,267,267,267,267,267,267,267,266,267,267,266,266,266,267,267,267,266,266,267,267,267,267,266,266,267,267,267,267,266,267,267,267,267,267,266,267,267,266,267,267,267,266,267,267,267,267,267,267,267,267,267,267,267,267,266,267,266,267,267,267,267,267,267,267,267,267,267,267,267,267,267,267,267,267,267,267,267,267,267,267,268,267,267,267,267,267,267,267,267,267,267,267,267,267,267,267,267,267,267,267,268,267,267,267,267,267,268,268,268,268,266,268,268,267,267,267,255,255,255,255,255,255,255,255,255,255,255,255,255,256,255,255,255,255,256,255,256,256,256,256,255,255,256,255,255,255,255,256,255,255,255,255,255,256,256,256,256,255,255,255,255,255,256,256,255,256,256,255,255,255,255,255,255,256,256,256,256,256,256,256,256,256,256,256,256,256,256,256,256,255,256,256,256,256,256,256,256,256,256,256,256,256,256,256,256,256,256,256,256,256,256,256,256,256,256,256,256,256,256,256,256,256,257,256,256,256,256,256,256,256,257,256,256,257,256,256,256,256,256,256,257,256,257,256,256,256,256,257,257,256,257,257,256,257,256,257,256,256,256,256,256,256,256,257,256,256,256,256,256,257,256,257,256,257,256,257,258,259,258,258,258,258,258,258,258,259,258,258,258,258,258,258,258,258,258,258,258,258,258,258,258,258,258,258,258,258,258,259,258,259,258,259,259,258,258,258,258,258,258,259,259,259,258,259,258,259,259,259,258,258,258,259,258,258,259,259,259,258,258,259,259,259,259,259,258,259,259,259,258,259,259,258,259,259,259,259,259,259,259,259,259,259,259,259,259,259,258,259,259,259,258,259,259,259,259,259,259,259,259,259,259,259,259,259,259,259,259,259,259,259,259,259,259,259,259,259,259,260,260,259,259,259,259,259,259,260,259,259,259,259,259,259,257,260,259,260,260,260,259,259,260,260,260,260,260,260,259,260,260,260,260,260,260,259,260,259,260,260,260,260,260,260,260,260,259,260,259,260,260,260,260,259,259,259,260,259,260,260,260,260,259,259,260,260,260,260,260,260,260,260,260,260,260,260,260,260,260,260,260,260,261,260,260,260,260,260,261,261,260,260,260,261,260,260,260,260,260,260,260,260,260,260,260,260,260,260,260,260,260,260,260,260,260,261,260,260,261,260,260,260,260,260,260,260,260,260,260,260,260,260,260,260,260,260,260,260,260,261,260,260,260,261,260,260,260,260,261,261,261,261,261,261,261,261,261,260,261,261,261,261,261,260,261,261,261,261,261,261,261,261,261,261,261,261,261,261,261,260,261,261,261,261,261,261,261,261,261,261,261,261,261,261,261,261,261,261,261,261,261,261,261,261,261,261,261,261,262,261,262,261,262,262,262,262,262,262,262,262,262,262,262,261,261,261,262,262,262,261,262,262,262,261,262,262,261,262,261,262,262,262,262,262,262,262,262,262,261,261,261,261,262,262,262,262,262,262,262,262,262,262,262,262,262,262,262,262,262,261,262,261,261,262,262,262,262,262,262,261,261,262,262,262,262,262,262,262,262,262,262,262,262,262,262,262,262,262,262,262,262,262,262</Value>
        <RawString>265,265,265,265,265,265,265,265,265,265,265,265,265,265,265,265,265,265,265,265,265,265,265,266,265,266,265,265,266,265,265,265,265,265,265,265,266,266,265,265,265,265,265,265,265,265,266,266,266,266,265,265,266,266,266,266,266,265,266,266,266,266,265,266,266,266,266,266,266,266,266,266,266,266,265,265,266,266,266,266,266,266,266,266,266,266,266,266,266,266,266,266,266,266,266,266,266,265,266,266,266,266,266,266,266,266,266,266,266,266,266,266,266,266,266,266,266,266,266,266,266,266,266,266,266,266,266,266,266,266,267,266,266,266,267,266,266,266,266,266,267,266,266,267,266,267,267,266,266,266,267,266,267,266,267,267,266,267,267,267,266,266,267,266,267,266,266,266,266,266,267,266,267,267,267,267,267,267,267,266,267,267,266,266,266,267,267,267,266,266,267,267,267,267,266,266,267,267,267,267,266,267,267,267,267,267,266,267,267,266,267,267,267,266,267,267,267,267,267,267,267,267,267,267,267,267,266,267,266,267,267,267,267,267,267,267,267,267,267,267,267,267,267,267,267,267,267,267,267,267,267,267,268,267,267,267,267,267,267,267,267,267,267,267,267,267,267,267,267,267,267,267,268,267,267,267,267,267,268,268,268,268,266,268,268,267,267,267,255,255,255,255,255,255,255,255,255,255,255,255,255,256,255,255,255,255,256,255,256,256,256,256,255,255,256,255,255,255,255,256,255,255,255,255,255,256,256,256,256,255,255,255,255,255,256,256,255,256,256,255,255,255,255,255,255,256,256,256,256,256,256,256,256,256,256,256,256,256,256,256,256,255,256,256,256,256,256,256,256,256,256,256,256,256,256,256,256,256,256,256,256,256,256,256,256,256,256,256,256,256,256,256,256,256,257,256,256,256,256,256,256,256,257,256,256,257,256,256,256,256,256,256,257,256,257,256,256,256,256,257,257,256,257,257,256,257,256,257,256,256,256,256,256,256,256,257,256,256,256,256,256,257,256,257,256,257,256,257,258,259,258,258,258,258,258,258,258,259,258,258,258,258,258,258,258,258,258,258,258,258,258,258,258,258,258,258,258,258,258,259,258,259,258,259,259,258,258,258,258,258,258,259,259,259,258,259,258,259,259,259,258,258,258,259,258,258,259,259,259,258,258,259,259,259,259,259,258,259,259,259,258,259,259,258,259,259,259,259,259,259,259,259,259,259,259,259,259,259,258,259,259,259,258,259,259,259,259,259,259,259,259,259,259,259,259,259,259,259,259,259,259,259,259,259,259,259,259,259,259,260,260,259,259,259,259,259,259,260,259,259,259,259,259,259,257,260,259,260,260,260,259,259,260,260,260,260,260,260,259,260,260,260,260,260,260,259,260,259,260,260,260,260,260,260,260,260,259,260,259,260,260,260,260,259,259,259,260,259,260,260,260,260,259,259,260,260,260,260,260,260,260,260,260,260,260,260,260,260,260,260,260,260,261,260,260,260,260,260,261,261,260,260,260,261,260,260,260,260,260,260,260,260,260,260,260,260,260,260,260,260,260,260,260,260,260,261,260,260,261,260,260,260,260,260,260,260,260,260,260,260,260,260,260,260,260,260,260,260,260,261,260,260,260,261,260,260,260,260,261,261,261,261,261,261,261,261,261,260,261,261,261,261,261,260,261,261,261,261,261,261,261,261,261,261,261,261,261,261,261,260,261,261,261,261,261,261,261,261,261,261,261,261,261,261,261,261,261,261,261,261,261,261,261,261,261,261,261,261,262,261,262,261,262,262,262,262,262,262,262,262,262,262,262,261,261,261,262,262,262,261,262,262,262,261,262,262,261,262,261,262,262,262,262,262,262,262,262,262,261,261,261,261,262,262,262,262,262,262,262,262,262,262,262,262,262,262,262,262,262,261,262,261,261,262,262,262,262,262,262,261,261,262,262,262,262,262,262,262,262,262,262,262,262,262,262,262,262,262,262,262,262,262,262</RawString>
      </Entry>
    </Data>
  </Result>
  <Result>
    <Identifier></Identifier>
    <Title>OpenArena</Title>
    <AppVersion>0.8.8</AppVersion>
    <Arguments>System Iowait +set r_customWidth 1024 +set r_customHeight 768</Arguments>
    <Description>System Iowait Monitor</Description>
    <Scale>Percent</Scale>
    <Proportion>LIB</Proportion>
    <DisplayFormat>LINE_GRAPH</DisplayFormat>
    <Data>
      <Entry>
        <Identifier>openarena-150-exp-bfs-1</Identifier>
        <Value>0.00,0.00,0.00,0.00,0.00,0.00,0.53,0.78,0.26,0.26,1.57,1.06,0.52,0.79,0.53,0.00,0.00,0.00,0.79,0.00,0.00,1.84,0.52,0.00,1.05,0.53,0.26,0.00,0.79,1.58,0.53,0.78,0.79,0.00,0.26,0.00,0.79,0.27,0.52,0.27,0.53,1.05,0.27,1.05,0.00,0.53,0.26,1.06,1.05,0.79,0.53,0.79,0.00,0.26,0.52,0.00,0.53,0.54,0.52,0.26,0.00,0.00,0.26,0.26,0.00,0.54,0.26,0.79,0.26,1.06,0.27,0.79,0.26,0.26,0.79,0.27,0.26,0.00,0.26,0.00,1.06,0.79,0.53,0.00,0.53,0.00,0.79,0.80,0.00,0.78,0.26,0.26,0.26,0.52,0.26,0.26,0.26,1.05,0.79,0.52,1.85,0.00,1.06,0.26,0.27,0.26,0.79,1.06,0.53,0.26,0.26,0.00,0.79,0.27,0.00,0.00,0.26,0.00,0.53,0.82,0.00,0.26,0.81,0.54,0.53,0.80,0.79,0.26,0.80,0.26,0.79,1.33,0.27,0.27,0.79,0.27,0.00,1.05,1.05,0.26,0.00,0.26,0.00,0.82,1.05,0.00,2.64,0.00,0.00,0.00,0.00,0.00,0.52,0.53,1.06,0.00,0.26,0.00,0.27,0.26,0.79,0.00,0.79,0.53,0.79,0.00,0.53,0.00,0.00,0.27,0.53,0.53,1.05,0.00,1.07,0.26,0.00,0.80,0.53,1.05,0.52,0.53,1.05,0.27,0.53,0.53,0.53,0.53,0.53,0.28,0.30,0.00,0.00,0.00,0.53,0.00,0.27,0.79,0.27,0.54,0.27,0.27,0.00,1.33,0.26,0.00,0.27,1.05,0.77,0.78,0.26,0.52,0.77,0.00,0.77,0.26,0.00,0.51,0.52,0.77,0.27,0.52,0.52,0.26,1.03,0.00,0.26,0.00,0.26,0.00,0.00,0.56,0.00,1.57,0.00,0.00,0.00,0.61,0.29,0.00,1.37,0.00,0.00,0.54,1.09,0.54,0.56,0.30,0.27,0.83,0.54,0.28,0.54,0.00,0.55,0.00,0.27,0.27,0.00,0.55,1.10,1.10,0.00,0.00,0.00,0.28,0.26,0.26,0.26,0.54,0.32,0.27,0.28,0.54,0.83,0.55,0.28,1.11,0.00,0.56,0.56,0.56,4.19,2.08,0.57,0.84,0.29,0.84,0.83,0.00,0.82,0.27,0.28,0.00,0.00,0.00,0.00,0.56,0.27,0.00,0.00,0.00,0.82,0.28,1.12,0.82,1.10,0.82,0.27,0.28,0.28,0.00,0.82,2.72,0.00,0.00,0.00,0.00,0.00,0.82,0.00,0.84,0.00,1.09,0.27,0.56,0.00,0.29,0.00,0.00,0.00,0.54,0.00,0.00,0.56,1.09,0.82,0.27,0.54,0.84,0.28,0.00,0.28,0.26,0.26,0.00,0.78,0.00,0.00,0.00,0.57,0.00,0.27,0.55,0.82,0.27,0.00,0.00,1.09,0.55,0.00,0.59,0.81,0.27,0.55,0.00,0.00,0.00,0.27,0.82,0.00,0.27,0.54,0.28,0.27,0.27,0.54,0.00,1.05,0.27,1.27,0.00,0.00,0.00,0.00,0.00,0.00,0.41,0.30,0.00,0.00,0.00,0.27,0.31,0.89,0.27,0.66,0.98,0.52,0.00,0.81,0.00,0.55,1.36,0.00,0.86,0.00,0.00,0.28,0.82,1.09,0.00,0.00,0.82,0.83,0.00,1.16,0.00,0.27,1.65,0.55,0.27,0.27,0.82,0.00,0.00,0.27,1.14,0.86,0.28,0.00,0.81,1.57,0.56,0.89,0.28,0.28,1.11,0.28,0.00,0.84,0.55,0.83,0.00,0.56,0.00,0.29,0.00,0.84,1.37,0.00,0.00,0.00,0.81,0.83,0.83,0.28,0.55,1.11,0.55,0.00,0.83,0.79,0.78,0.64,0.33,0.00,0.28,0.85,0.00,0.00,1.11,0.00,0.28,0.00,0.28,0.28,0.55,0.00,0.26,0.00,0.00,0.00,0.00,1.10,0.28,0.28,0.28,0.82,0.00,0.28,0.28,0.28,1.47,0.55,0.00,1.11,1.36,0.28,0.00,0.84,0.84,0.00,0.00,0.28,0.31,0.26,0.77,0.53,0.00,0.00,1.31,0.29,0.00,0.00,1.10,0.55,0.83,0.83,0.28,1.38,0.82,1.10,0.55,0.28,0.00,0.00,1.11,0.00,0.54,0.27,0.00,0.27,0.00,0.00,0.28,0.62,0.00,0.00,0.27,0.00,0.00,1.31,0.00,1.12,1.39,1.08,0.55,0.28,0.00,0.84,0.28,1.11,0.00,0.28,0.28,0.00,0.28,0.00,0.55,0.28,1.38,1.34,0.28,0.56,0.82,0.82,1.08,0.00,0.28,0.00,0.00,0.88,0.00,0.28,0.55,0.00,0.82,0.28,0.00,0.55,0.00,0.54,0.83,2.78,2.60,1.10,0.28,0.28,0.27,0.55,0.27,0.00,0.26,0.28,1.32,0.00,0.27,0.00,0.28,0.00,0.56,0.55,0.00,0.39,0.00,0.00,0.00,0.00,0.53,0.00,0.00,0.00,0.52,0.00,0.26,0.28,0.00,0.52,0.78,0.77,0.00,0.00,0.52,0.28,0.26,0.27,0.00,0.00,0.30,0.00,0.00,0.26,0.33,0.00,0.00,0.00,0.28,0.00,0.00,0.00,0.00,0.00,0.00,0.79,0.31,0.82,0.00,0.00,0.00,0.00,0.00,0.00,0.61,0.29,0.00,0.27,0.00,0.53,1.07,0.56,0.00,0.00,0.00,0.79,0.26,0.79,0.28,0.53,0.00,0.79,0.53,0.54,1.07,0.52,1.06,0.00,0.29,0.00,0.00,0.26,0.27,0.27,0.00,0.00,0.27,0.27,0.27,0.80,0.79,0.53,0.85,0.00,0.79,0.27,0.27,0.00,0.54,0.26,0.79,0.26,1.34,0.26,1.05,0.00,0.81,0.80,0.79,1.04,0.53,0.55,0.26,0.52,0.26,0.53,0.00,0.80,1.05,0.00,0.00,0.27,0.26,0.00,0.79,0.81,0.00,0.52,0.26,0.00,1.06,0.79,1.04,0.53,1.07,0.81,0.52,0.00,0.53,0.54,0.53,0.53,0.26,0.53,0.00,0.00,0.52,0.26,0.80,0.54,0.00,0.52,0.80,0.00,0.27,0.79,0.53,0.53,0.27,0.53,0.00,0.52,0.79,0.29,0.00,0.54,0.27,0.53,0.27,0.00,0.85,0.27,0.85,0.28,0.00,0.96,0.29,0.80,0.26,0.61,0.31,0.00,0.00,0.00,0.29,0.59,0.91,0.00,0.00,0.29,0.54,0.00,0.83,0.00,0.00,0.00,0.00,0.54,0.83,0.87,0.00,0.00,0.00,0.28,0.00,0.00,0.29,0.00,0.28,0.83,0.85,0.28,0.28,0.28,0.56,0.00,0.00,0.00,0.00,0.00,1.12,0.00,0.85,0.00,0.00,0.00,0.84,0.84,0.83,0.83,0.00,0.00,0.28,0.00,0.28,0.00,0.28,1.11,0.84,0.28,0.27,0.83,0.83,0.82,0.28,0.86,0.55,0.00,0.85,0.00,0.56,0.58,0.00,0.26,0.26,0.52,0.00,0.26,0.26,0.81,0.00,0.52,0.78,0.00,0.55,0.26,1.04,1.04,0.52,1.29,0.00,0.00,0.78,0.51</Value>
        <RawString>0.00,0.00,0.00,0.00,0.00,0.00,0.53,0.78,0.26,0.26,1.57,1.06,0.52,0.79,0.53,0.00,0.00,0.00,0.79,0.00,0.00,1.84,0.52,0.00,1.05,0.53,0.26,0.00,0.79,1.58,0.53,0.78,0.79,0.00,0.26,0.00,0.79,0.27,0.52,0.27,0.53,1.05,0.27,1.05,0.00,0.53,0.26,1.06,1.05,0.79,0.53,0.79,0.00,0.26,0.52,0.00,0.53,0.54,0.52,0.26,0.00,0.00,0.26,0.26,0.00,0.54,0.26,0.79,0.26,1.06,0.27,0.79,0.26,0.26,0.79,0.27,0.26,0.00,0.26,0.00,1.06,0.79,0.53,0.00,0.53,0.00,0.79,0.80,0.00,0.78,0.26,0.26,0.26,0.52,0.26,0.26,0.26,1.05,0.79,0.52,1.85,0.00,1.06,0.26,0.27,0.26,0.79,1.06,0.53,0.26,0.26,0.00,0.79,0.27,0.00,0.00,0.26,0.00,0.53,0.82,0.00,0.26,0.81,0.54,0.53,0.80,0.79,0.26,0.80,0.26,0.79,1.33,0.27,0.27,0.79,0.27,0.00,1.05,1.05,0.26,0.00,0.26,0.00,0.82,1.05,0.00,2.64,0.00,0.00,0.00,0.00,0.00,0.52,0.53,1.06,0.00,0.26,0.00,0.27,0.26,0.79,0.00,0.79,0.53,0.79,0.00,0.53,0.00,0.00,0.27,0.53,0.53,1.05,0.00,1.07,0.26,0.00,0.80,0.53,1.05,0.52,0.53,1.05,0.27,0.53,0.53,0.53,0.53,0.53,0.28,0.30,0.00,0.00,0.00,0.53,0.00,0.27,0.79,0.27,0.54,0.27,0.27,0.00,1.33,0.26,0.00,0.27,1.05,0.77,0.78,0.26,0.52,0.77,0.00,0.77,0.26,0.00,0.51,0.52,0.77,0.27,0.52,0.52,0.26,1.03,0.00,0.26,0.00,0.26,0.00,0.00,0.56,0.00,1.57,0.00,0.00,0.00,0.61,0.29,0.00,1.37,0.00,0.00,0.54,1.09,0.54,0.56,0.30,0.27,0.83,0.54,0.28,0.54,0.00,0.55,0.00,0.27,0.27,0.00,0.55,1.10,1.10,0.00,0.00,0.00,0.28,0.26,0.26,0.26,0.54,0.32,0.27,0.28,0.54,0.83,0.55,0.28,1.11,0.00,0.56,0.56,0.56,4.19,2.08,0.57,0.84,0.29,0.84,0.83,0.00,0.82,0.27,0.28,0.00,0.00,0.00,0.00,0.56,0.27,0.00,0.00,0.00,0.82,0.28,1.12,0.82,1.10,0.82,0.27,0.28,0.28,0.00,0.82,2.72,0.00,0.00,0.00,0.00,0.00,0.82,0.00,0.84,0.00,1.09,0.27,0.56,0.00,0.29,0.00,0.00,0.00,0.54,0.00,0.00,0.56,1.09,0.82,0.27,0.54,0.84,0.28,0.00,0.28,0.26,0.26,0.00,0.78,0.00,0.00,0.00,0.57,0.00,0.27,0.55,0.82,0.27,0.00,0.00,1.09,0.55,0.00,0.59,0.81,0.27,0.55,0.00,0.00,0.00,0.27,0.82,0.00,0.27,0.54,0.28,0.27,0.27,0.54,0.00,1.05,0.27,1.27,0.00,0.00,0.00,0.00,0.00,0.00,0.41,0.30,0.00,0.00,0.00,0.27,0.31,0.89,0.27,0.66,0.98,0.52,0.00,0.81,0.00,0.55,1.36,0.00,0.86,0.00,0.00,0.28,0.82,1.09,0.00,0.00,0.82,0.83,0.00,1.16,0.00,0.27,1.65,0.55,0.27,0.27,0.82,0.00,0.00,0.27,1.14,0.86,0.28,0.00,0.81,1.57,0.56,0.89,0.28,0.28,1.11,0.28,0.00,0.84,0.55,0.83,0.00,0.56,0.00,0.29,0.00,0.84,1.37,0.00,0.00,0.00,0.81,0.83,0.83,0.28,0.55,1.11,0.55,0.00,0.83,0.79,0.78,0.64,0.33,0.00,0.28,0.85,0.00,0.00,1.11,0.00,0.28,0.00,0.28,0.28,0.55,0.00,0.26,0.00,0.00,0.00,0.00,1.10,0.28,0.28,0.28,0.82,0.00,0.28,0.28,0.28,1.47,0.55,0.00,1.11,1.36,0.28,0.00,0.84,0.84,0.00,0.00,0.28,0.31,0.26,0.77,0.53,0.00,0.00,1.31,0.29,0.00,0.00,1.10,0.55,0.83,0.83,0.28,1.38,0.82,1.10,0.55,0.28,0.00,0.00,1.11,0.00,0.54,0.27,0.00,0.27,0.00,0.00,0.28,0.62,0.00,0.00,0.27,0.00,0.00,1.31,0.00,1.12,1.39,1.08,0.55,0.28,0.00,0.84,0.28,1.11,0.00,0.28,0.28,0.00,0.28,0.00,0.55,0.28,1.38,1.34,0.28,0.56,0.82,0.82,1.08,0.00,0.28,0.00,0.00,0.88,0.00,0.28,0.55,0.00,0.82,0.28,0.00,0.55,0.00,0.54,0.83,2.78,2.60,1.10,0.28,0.28,0.27,0.55,0.27,0.00,0.26,0.28,1.32,0.00,0.27,0.00,0.28,0.00,0.56,0.55,0.00,0.39,0.00,0.00,0.00,0.00,0.53,0.00,0.00,0.00,0.52,0.00,0.26,0.28,0.00,0.52,0.78,0.77,0.00,0.00,0.52,0.28,0.26,0.27,0.00,0.00,0.30,0.00,0.00,0.26,0.33,0.00,0.00,0.00,0.28,0.00,0.00,0.00,0.00,0.00,0.00,0.79,0.31,0.82,0.00,0.00,0.00,0.00,0.00,0.00,0.61,0.29,0.00,0.27,0.00,0.53,1.07,0.56,0.00,0.00,0.00,0.79,0.26,0.79,0.28,0.53,0.00,0.79,0.53,0.54,1.07,0.52,1.06,0.00,0.29,0.00,0.00,0.26,0.27,0.27,0.00,0.00,0.27,0.27,0.27,0.80,0.79,0.53,0.85,0.00,0.79,0.27,0.27,0.00,0.54,0.26,0.79,0.26,1.34,0.26,1.05,0.00,0.81,0.80,0.79,1.04,0.53,0.55,0.26,0.52,0.26,0.53,0.00,0.80,1.05,0.00,0.00,0.27,0.26,0.00,0.79,0.81,0.00,0.52,0.26,0.00,1.06,0.79,1.04,0.53,1.07,0.81,0.52,0.00,0.53,0.54,0.53,0.53,0.26,0.53,0.00,0.00,0.52,0.26,0.80,0.54,0.00,0.52,0.80,0.00,0.27,0.79,0.53,0.53,0.27,0.53,0.00,0.52,0.79,0.29,0.00,0.54,0.27,0.53,0.27,0.00,0.85,0.27,0.85,0.28,0.00,0.96,0.29,0.80,0.26,0.61,0.31,0.00,0.00,0.00,0.29,0.59,0.91,0.00,0.00,0.29,0.54,0.00,0.83,0.00,0.00,0.00,0.00,0.54,0.83,0.87,0.00,0.00,0.00,0.28,0.00,0.00,0.29,0.00,0.28,0.83,0.85,0.28,0.28,0.28,0.56,0.00,0.00,0.00,0.00,0.00,1.12,0.00,0.85,0.00,0.00,0.00,0.84,0.84,0.83,0.83,0.00,0.00,0.28,0.00,0.28,0.00,0.28,1.11,0.84,0.28,0.27,0.83,0.83,0.82,0.28,0.86,0.55,0.00,0.85,0.00,0.56,0.58,0.00,0.26,0.26,0.52,0.00,0.26,0.26,0.81,0.00,0.52,0.78,0.00,0.55,0.26,1.04,1.04,0.52,1.29,0.00,0.00,0.78,0.51</RawString>
      </Entry>
    </Data>
  </Result>
</PhoronixTestSuite>
